{"D:\\bootcamp-h8\\phase-3\\Lactalink\\server\\app.js": {"path":"D:\\bootcamp-h8\\phase-3\\Lactalink\\server\\app.js","statementMap":{"0":{"start":{"line":1,"column":0},"end":{"line":3,"column":1}},"1":{"start":{"line":2,"column":2},"end":{"line":2,"column":29}},"2":{"start":{"line":6,"column":15},"end":{"line":6,"column":41}},"3":{"start":{"line":7,"column":16},"end":{"line":7,"column":34}},"4":{"start":{"line":8,"column":13},"end":{"line":8,"column":28}},"5":{"start":{"line":9,"column":21},"end":{"line":9,"column":58}},"6":{"start":{"line":11,"column":12},"end":{"line":11,"column":21}},"7":{"start":{"line":13,"column":0},"end":{"line":13,"column":16}},"8":{"start":{"line":15,"column":0},"end":{"line":15,"column":48}},"9":{"start":{"line":16,"column":0},"end":{"line":16,"column":24}},"10":{"start":{"line":19,"column":0},"end":{"line":19,"column":16}},"11":{"start":{"line":20,"column":0},"end":{"line":20,"column":22}},"12":{"start":{"line":22,"column":0},"end":{"line":22,"column":20}}},"fnMap":{},"branchMap":{"0":{"loc":{"start":{"line":1,"column":0},"end":{"line":3,"column":1}},"type":"if","locations":[{"start":{"line":1,"column":0},"end":{"line":3,"column":1}},{"start":{},"end":{}}],"line":1}},"s":{"0":1,"1":1,"2":1,"3":1,"4":1,"5":1,"6":1,"7":1,"8":1,"9":1,"10":1,"11":1,"12":1},"f":{},"b":{"0":[1,0]},"_coverageSchema":"1a1c01bbd47fc00a2c39e90264f33305004495a9","hash":"a5431f4edc28cf13cf2172d639b484d8a54a85ce"}
,"D:\\bootcamp-h8\\phase-3\\Lactalink\\server\\controllers\\MilkController.js": {"path":"D:\\bootcamp-h8\\phase-3\\Lactalink\\server\\controllers\\MilkController.js","statementMap":{"0":{"start":{"line":1,"column":21},"end":{"line":1,"column":39}},"1":{"start":{"line":2,"column":13},"end":{"line":2,"column":38}},"2":{"start":{"line":3,"column":19},"end":{"line":3,"column":50}},"3":{"start":{"line":8,"column":4},"end":{"line":21,"column":5}},"4":{"start":{"line":9,"column":47},"end":{"line":9,"column":55}},"5":{"start":{"line":13,"column":22},"end":{"line":13,"column":103}},"6":{"start":{"line":15,"column":6},"end":{"line":18,"column":8}},"7":{"start":{"line":20,"column":6},"end":{"line":20,"column":17}},"8":{"start":{"line":42,"column":4},"end":{"line":183,"column":5}},"9":{"start":{"line":43,"column":27},"end":{"line":43,"column":36}},"10":{"start":{"line":44,"column":30},"end":{"line":44,"column":39}},"11":{"start":{"line":46,"column":18},"end":{"line":78,"column":7}},"12":{"start":{"line":80,"column":20},"end":{"line":80,"column":69}},"13":{"start":{"line":82,"column":30},"end":{"line":82,"column":88}},"14":{"start":{"line":84,"column":35},"end":{"line":163,"column":8}},"15":{"start":{"line":85,"column":20},"end":{"line":85,"column":21}},"16":{"start":{"line":86,"column":8},"end":{"line":88,"column":9}},"17":{"start":{"line":87,"column":10},"end":{"line":87,"column":20}},"18":{"start":{"line":89,"column":8},"end":{"line":91,"column":9}},"19":{"start":{"line":90,"column":10},"end":{"line":90,"column":20}},"20":{"start":{"line":92,"column":8},"end":{"line":94,"column":9}},"21":{"start":{"line":93,"column":10},"end":{"line":93,"column":20}},"22":{"start":{"line":95,"column":8},"end":{"line":97,"column":9}},"23":{"start":{"line":96,"column":10},"end":{"line":96,"column":20}},"24":{"start":{"line":98,"column":8},"end":{"line":100,"column":9}},"25":{"start":{"line":99,"column":10},"end":{"line":99,"column":20}},"26":{"start":{"line":101,"column":8},"end":{"line":103,"column":9}},"27":{"start":{"line":102,"column":10},"end":{"line":102,"column":20}},"28":{"start":{"line":104,"column":8},"end":{"line":106,"column":9}},"29":{"start":{"line":105,"column":10},"end":{"line":105,"column":20}},"30":{"start":{"line":107,"column":8},"end":{"line":109,"column":9}},"31":{"start":{"line":108,"column":10},"end":{"line":108,"column":20}},"32":{"start":{"line":110,"column":8},"end":{"line":112,"column":9}},"33":{"start":{"line":111,"column":10},"end":{"line":111,"column":20}},"34":{"start":{"line":113,"column":8},"end":{"line":115,"column":9}},"35":{"start":{"line":114,"column":10},"end":{"line":114,"column":20}},"36":{"start":{"line":116,"column":8},"end":{"line":118,"column":9}},"37":{"start":{"line":117,"column":10},"end":{"line":117,"column":20}},"38":{"start":{"line":119,"column":8},"end":{"line":121,"column":9}},"39":{"start":{"line":120,"column":10},"end":{"line":120,"column":20}},"40":{"start":{"line":123,"column":8},"end":{"line":130,"column":9}},"41":{"start":{"line":124,"column":10},"end":{"line":126,"column":11}},"42":{"start":{"line":125,"column":12},"end":{"line":125,"column":22}},"43":{"start":{"line":127,"column":10},"end":{"line":129,"column":11}},"44":{"start":{"line":128,"column":12},"end":{"line":128,"column":22}},"45":{"start":{"line":131,"column":8},"end":{"line":138,"column":9}},"46":{"start":{"line":132,"column":10},"end":{"line":134,"column":11}},"47":{"start":{"line":133,"column":12},"end":{"line":133,"column":22}},"48":{"start":{"line":135,"column":10},"end":{"line":137,"column":11}},"49":{"start":{"line":136,"column":12},"end":{"line":136,"column":22}},"50":{"start":{"line":139,"column":8},"end":{"line":152,"column":9}},"51":{"start":{"line":140,"column":10},"end":{"line":142,"column":11}},"52":{"start":{"line":141,"column":12},"end":{"line":141,"column":22}},"53":{"start":{"line":143,"column":10},"end":{"line":145,"column":11}},"54":{"start":{"line":144,"column":12},"end":{"line":144,"column":22}},"55":{"start":{"line":146,"column":10},"end":{"line":148,"column":11}},"56":{"start":{"line":147,"column":12},"end":{"line":147,"column":22}},"57":{"start":{"line":149,"column":10},"end":{"line":151,"column":11}},"58":{"start":{"line":150,"column":12},"end":{"line":150,"column":22}},"59":{"start":{"line":153,"column":8},"end":{"line":157,"column":9}},"60":{"start":{"line":154,"column":10},"end":{"line":156,"column":11}},"61":{"start":{"line":155,"column":12},"end":{"line":155,"column":22}},"62":{"start":{"line":159,"column":27},"end":{"line":159,"column":55}},"63":{"start":{"line":162,"column":8},"end":{"line":162,"column":45}},"64":{"start":{"line":165,"column":6},"end":{"line":175,"column":7}},"65":{"start":{"line":166,"column":8},"end":{"line":174,"column":9}},"66":{"start":{"line":167,"column":10},"end":{"line":169,"column":12}},"67":{"start":{"line":168,"column":12},"end":{"line":168,"column":36}},"68":{"start":{"line":170,"column":15},"end":{"line":174,"column":9}},"69":{"start":{"line":171,"column":10},"end":{"line":173,"column":12}},"70":{"start":{"line":172,"column":12},"end":{"line":172,"column":36}},"71":{"start":{"line":177,"column":6},"end":{"line":180,"column":8}},"72":{"start":{"line":182,"column":6},"end":{"line":182,"column":17}},"73":{"start":{"line":187,"column":4},"end":{"line":208,"column":5}},"74":{"start":{"line":188,"column":21},"end":{"line":188,"column":31}},"75":{"start":{"line":190,"column":22},"end":{"line":190,"column":67}},"76":{"start":{"line":192,"column":6},"end":{"line":194,"column":7}},"77":{"start":{"line":193,"column":8},"end":{"line":193,"column":34}},"78":{"start":{"line":196,"column":6},"end":{"line":198,"column":7}},"79":{"start":{"line":197,"column":8},"end":{"line":197,"column":35}},"80":{"start":{"line":200,"column":26},"end":{"line":200,"column":73}},"81":{"start":{"line":202,"column":6},"end":{"line":205,"column":8}},"82":{"start":{"line":207,"column":6},"end":{"line":207,"column":17}},"83":{"start":{"line":213,"column":0},"end":{"line":213,"column":31}}},"fnMap":{"0":{"name":"(anonymous_0)","decl":{"start":{"line":7,"column":2},"end":{"line":7,"column":3}},"loc":{"start":{"line":7,"column":42},"end":{"line":22,"column":3}},"line":7},"1":{"name":"(anonymous_1)","decl":{"start":{"line":24,"column":2},"end":{"line":24,"column":3}},"loc":{"start":{"line":24,"column":39},"end":{"line":184,"column":3}},"line":24},"2":{"name":"(anonymous_2)","decl":{"start":{"line":84,"column":45},"end":{"line":84,"column":46}},"loc":{"start":{"line":84,"column":53},"end":{"line":163,"column":7}},"line":84},"3":{"name":"(anonymous_3)","decl":{"start":{"line":167,"column":36},"end":{"line":167,"column":37}},"loc":{"start":{"line":167,"column":46},"end":{"line":169,"column":11}},"line":167},"4":{"name":"(anonymous_4)","decl":{"start":{"line":171,"column":36},"end":{"line":171,"column":37}},"loc":{"start":{"line":171,"column":46},"end":{"line":173,"column":11}},"line":171},"5":{"name":"(anonymous_5)","decl":{"start":{"line":186,"column":2},"end":{"line":186,"column":3}},"loc":{"start":{"line":186,"column":42},"end":{"line":209,"column":3}},"line":186}},"branchMap":{"0":{"loc":{"start":{"line":75,"column":29},"end":{"line":75,"column":63}},"type":"binary-expr","locations":[{"start":{"line":75,"column":29},"end":{"line":75,"column":37}},{"start":{"line":75,"column":41},"end":{"line":75,"column":63}}],"line":75},"1":{"loc":{"start":{"line":86,"column":8},"end":{"line":88,"column":9}},"type":"if","locations":[{"start":{"line":86,"column":8},"end":{"line":88,"column":9}},{"start":{},"end":{}}],"line":86},"2":{"loc":{"start":{"line":89,"column":8},"end":{"line":91,"column":9}},"type":"if","locations":[{"start":{"line":89,"column":8},"end":{"line":91,"column":9}},{"start":{},"end":{}}],"line":89},"3":{"loc":{"start":{"line":92,"column":8},"end":{"line":94,"column":9}},"type":"if","locations":[{"start":{"line":92,"column":8},"end":{"line":94,"column":9}},{"start":{},"end":{}}],"line":92},"4":{"loc":{"start":{"line":95,"column":8},"end":{"line":97,"column":9}},"type":"if","locations":[{"start":{"line":95,"column":8},"end":{"line":97,"column":9}},{"start":{},"end":{}}],"line":95},"5":{"loc":{"start":{"line":98,"column":8},"end":{"line":100,"column":9}},"type":"if","locations":[{"start":{"line":98,"column":8},"end":{"line":100,"column":9}},{"start":{},"end":{}}],"line":98},"6":{"loc":{"start":{"line":101,"column":8},"end":{"line":103,"column":9}},"type":"if","locations":[{"start":{"line":101,"column":8},"end":{"line":103,"column":9}},{"start":{},"end":{}}],"line":101},"7":{"loc":{"start":{"line":104,"column":8},"end":{"line":106,"column":9}},"type":"if","locations":[{"start":{"line":104,"column":8},"end":{"line":106,"column":9}},{"start":{},"end":{}}],"line":104},"8":{"loc":{"start":{"line":107,"column":8},"end":{"line":109,"column":9}},"type":"if","locations":[{"start":{"line":107,"column":8},"end":{"line":109,"column":9}},{"start":{},"end":{}}],"line":107},"9":{"loc":{"start":{"line":110,"column":8},"end":{"line":112,"column":9}},"type":"if","locations":[{"start":{"line":110,"column":8},"end":{"line":112,"column":9}},{"start":{},"end":{}}],"line":110},"10":{"loc":{"start":{"line":113,"column":8},"end":{"line":115,"column":9}},"type":"if","locations":[{"start":{"line":113,"column":8},"end":{"line":115,"column":9}},{"start":{},"end":{}}],"line":113},"11":{"loc":{"start":{"line":116,"column":8},"end":{"line":118,"column":9}},"type":"if","locations":[{"start":{"line":116,"column":8},"end":{"line":118,"column":9}},{"start":{},"end":{}}],"line":116},"12":{"loc":{"start":{"line":119,"column":8},"end":{"line":121,"column":9}},"type":"if","locations":[{"start":{"line":119,"column":8},"end":{"line":121,"column":9}},{"start":{},"end":{}}],"line":119},"13":{"loc":{"start":{"line":123,"column":8},"end":{"line":130,"column":9}},"type":"if","locations":[{"start":{"line":123,"column":8},"end":{"line":130,"column":9}},{"start":{},"end":{}}],"line":123},"14":{"loc":{"start":{"line":124,"column":10},"end":{"line":126,"column":11}},"type":"if","locations":[{"start":{"line":124,"column":10},"end":{"line":126,"column":11}},{"start":{},"end":{}}],"line":124},"15":{"loc":{"start":{"line":127,"column":10},"end":{"line":129,"column":11}},"type":"if","locations":[{"start":{"line":127,"column":10},"end":{"line":129,"column":11}},{"start":{},"end":{}}],"line":127},"16":{"loc":{"start":{"line":131,"column":8},"end":{"line":138,"column":9}},"type":"if","locations":[{"start":{"line":131,"column":8},"end":{"line":138,"column":9}},{"start":{},"end":{}}],"line":131},"17":{"loc":{"start":{"line":132,"column":10},"end":{"line":134,"column":11}},"type":"if","locations":[{"start":{"line":132,"column":10},"end":{"line":134,"column":11}},{"start":{},"end":{}}],"line":132},"18":{"loc":{"start":{"line":135,"column":10},"end":{"line":137,"column":11}},"type":"if","locations":[{"start":{"line":135,"column":10},"end":{"line":137,"column":11}},{"start":{},"end":{}}],"line":135},"19":{"loc":{"start":{"line":139,"column":8},"end":{"line":152,"column":9}},"type":"if","locations":[{"start":{"line":139,"column":8},"end":{"line":152,"column":9}},{"start":{},"end":{}}],"line":139},"20":{"loc":{"start":{"line":140,"column":10},"end":{"line":142,"column":11}},"type":"if","locations":[{"start":{"line":140,"column":10},"end":{"line":142,"column":11}},{"start":{},"end":{}}],"line":140},"21":{"loc":{"start":{"line":143,"column":10},"end":{"line":145,"column":11}},"type":"if","locations":[{"start":{"line":143,"column":10},"end":{"line":145,"column":11}},{"start":{},"end":{}}],"line":143},"22":{"loc":{"start":{"line":146,"column":10},"end":{"line":148,"column":11}},"type":"if","locations":[{"start":{"line":146,"column":10},"end":{"line":148,"column":11}},{"start":{},"end":{}}],"line":146},"23":{"loc":{"start":{"line":149,"column":10},"end":{"line":151,"column":11}},"type":"if","locations":[{"start":{"line":149,"column":10},"end":{"line":151,"column":11}},{"start":{},"end":{}}],"line":149},"24":{"loc":{"start":{"line":153,"column":8},"end":{"line":157,"column":9}},"type":"if","locations":[{"start":{"line":153,"column":8},"end":{"line":157,"column":9}},{"start":{},"end":{}}],"line":153},"25":{"loc":{"start":{"line":154,"column":10},"end":{"line":156,"column":11}},"type":"if","locations":[{"start":{"line":154,"column":10},"end":{"line":156,"column":11}},{"start":{},"end":{}}],"line":154},"26":{"loc":{"start":{"line":165,"column":6},"end":{"line":175,"column":7}},"type":"if","locations":[{"start":{"line":165,"column":6},"end":{"line":175,"column":7}},{"start":{},"end":{}}],"line":165},"27":{"loc":{"start":{"line":166,"column":8},"end":{"line":174,"column":9}},"type":"if","locations":[{"start":{"line":166,"column":8},"end":{"line":174,"column":9}},{"start":{"line":170,"column":15},"end":{"line":174,"column":9}}],"line":166},"28":{"loc":{"start":{"line":170,"column":15},"end":{"line":174,"column":9}},"type":"if","locations":[{"start":{"line":170,"column":15},"end":{"line":174,"column":9}},{"start":{},"end":{}}],"line":170},"29":{"loc":{"start":{"line":192,"column":6},"end":{"line":194,"column":7}},"type":"if","locations":[{"start":{"line":192,"column":6},"end":{"line":194,"column":7}},{"start":{},"end":{}}],"line":192},"30":{"loc":{"start":{"line":196,"column":6},"end":{"line":198,"column":7}},"type":"if","locations":[{"start":{"line":196,"column":6},"end":{"line":198,"column":7}},{"start":{},"end":{}}],"line":196}},"s":{"0":1,"1":1,"2":1,"3":0,"4":0,"5":0,"6":0,"7":0,"8":0,"9":0,"10":0,"11":0,"12":0,"13":0,"14":0,"15":0,"16":0,"17":0,"18":0,"19":0,"20":0,"21":0,"22":0,"23":0,"24":0,"25":0,"26":0,"27":0,"28":0,"29":0,"30":0,"31":0,"32":0,"33":0,"34":0,"35":0,"36":0,"37":0,"38":0,"39":0,"40":0,"41":0,"42":0,"43":0,"44":0,"45":0,"46":0,"47":0,"48":0,"49":0,"50":0,"51":0,"52":0,"53":0,"54":0,"55":0,"56":0,"57":0,"58":0,"59":0,"60":0,"61":0,"62":0,"63":0,"64":0,"65":0,"66":0,"67":0,"68":0,"69":0,"70":0,"71":0,"72":0,"73":0,"74":0,"75":0,"76":0,"77":0,"78":0,"79":0,"80":0,"81":0,"82":0,"83":1},"f":{"0":0,"1":0,"2":0,"3":0,"4":0,"5":0},"b":{"0":[0,0],"1":[0,0],"2":[0,0],"3":[0,0],"4":[0,0],"5":[0,0],"6":[0,0],"7":[0,0],"8":[0,0],"9":[0,0],"10":[0,0],"11":[0,0],"12":[0,0],"13":[0,0],"14":[0,0],"15":[0,0],"16":[0,0],"17":[0,0],"18":[0,0],"19":[0,0],"20":[0,0],"21":[0,0],"22":[0,0],"23":[0,0],"24":[0,0],"25":[0,0],"26":[0,0],"27":[0,0],"28":[0,0],"29":[0,0],"30":[0,0]},"_coverageSchema":"1a1c01bbd47fc00a2c39e90264f33305004495a9","hash":"787f4d2c80cb3c253f427bb377babd68cca172c7"}
,"D:\\bootcamp-h8\\phase-3\\Lactalink\\server\\controllers\\UserController.js": {"path":"D:\\bootcamp-h8\\phase-3\\Lactalink\\server\\controllers\\UserController.js","statementMap":{"0":{"start":{"line":1,"column":13},"end":{"line":1,"column":38}},"1":{"start":{"line":2,"column":19},"end":{"line":2,"column":50}},"2":{"start":{"line":3,"column":21},"end":{"line":3,"column":39}},"3":{"start":{"line":4,"column":28},"end":{"line":4,"column":54}},"4":{"start":{"line":5,"column":24},"end":{"line":5,"column":51}},"5":{"start":{"line":6,"column":26},"end":{"line":6,"column":53}},"6":{"start":{"line":12,"column":4},"end":{"line":19,"column":5}},"7":{"start":{"line":14,"column":19},"end":{"line":14,"column":71}},"8":{"start":{"line":16,"column":6},"end":{"line":16,"column":33}},"9":{"start":{"line":18,"column":6},"end":{"line":18,"column":18}},"10":{"start":{"line":23,"column":4},"end":{"line":43,"column":5}},"11":{"start":{"line":24,"column":6},"end":{"line":24,"column":40}},"12":{"start":{"line":25,"column":20},"end":{"line":25,"column":60}},"13":{"start":{"line":27,"column":19},"end":{"line":27,"column":23}},"14":{"start":{"line":28,"column":6},"end":{"line":35,"column":7}},"15":{"start":{"line":29,"column":8},"end":{"line":34,"column":10}},"16":{"start":{"line":37,"column":6},"end":{"line":40,"column":9}},"17":{"start":{"line":42,"column":6},"end":{"line":42,"column":18}},"18":{"start":{"line":47,"column":4},"end":{"line":60,"column":5}},"19":{"start":{"line":48,"column":19},"end":{"line":55,"column":7}},"20":{"start":{"line":56,"column":6},"end":{"line":56,"column":30}},"21":{"start":{"line":57,"column":6},"end":{"line":57,"column":65}},"22":{"start":{"line":59,"column":6},"end":{"line":59,"column":18}},"23":{"start":{"line":64,"column":4},"end":{"line":96,"column":5}},"24":{"start":{"line":65,"column":20},"end":{"line":65,"column":48}},"25":{"start":{"line":66,"column":23},"end":{"line":66,"column":40}},"26":{"start":{"line":69,"column":6},"end":{"line":71,"column":7}},"27":{"start":{"line":70,"column":8},"end":{"line":70,"column":47}},"28":{"start":{"line":73,"column":24},"end":{"line":73,"column":53}},"29":{"start":{"line":74,"column":6},"end":{"line":76,"column":7}},"30":{"start":{"line":75,"column":8},"end":{"line":75,"column":47}},"31":{"start":{"line":79,"column":22},"end":{"line":86,"column":7}},"32":{"start":{"line":88,"column":27},"end":{"line":88,"column":47}},"33":{"start":{"line":90,"column":6},"end":{"line":93,"column":9}},"34":{"start":{"line":95,"column":6},"end":{"line":95,"column":18}},"35":{"start":{"line":100,"column":4},"end":{"line":150,"column":5}},"36":{"start":{"line":117,"column":10},"end":{"line":117,"column":18}},"37":{"start":{"line":118,"column":19},"end":{"line":135,"column":7}},"38":{"start":{"line":137,"column":32},"end":{"line":137,"column":61}},"39":{"start":{"line":139,"column":6},"end":{"line":142,"column":8}},"40":{"start":{"line":144,"column":6},"end":{"line":147,"column":9}},"41":{"start":{"line":149,"column":6},"end":{"line":149,"column":18}},"42":{"start":{"line":154,"column":4},"end":{"line":183,"column":5}},"43":{"start":{"line":155,"column":18},"end":{"line":176,"column":7}},"44":{"start":{"line":178,"column":30},"end":{"line":178,"column":61}},"45":{"start":{"line":180,"column":6},"end":{"line":180,"column":57}},"46":{"start":{"line":182,"column":6},"end":{"line":182,"column":18}},"47":{"start":{"line":187,"column":4},"end":{"line":202,"column":5}},"48":{"start":{"line":188,"column":155},"end":{"line":188,"column":163}},"49":{"start":{"line":189,"column":19},"end":{"line":191,"column":7}},"50":{"start":{"line":193,"column":32},"end":{"line":193,"column":112}},"51":{"start":{"line":195,"column":6},"end":{"line":198,"column":8}},"52":{"start":{"line":201,"column":6},"end":{"line":201,"column":17}},"53":{"start":{"line":206,"column":0},"end":{"line":206,"column":32}}},"fnMap":{"0":{"name":"(anonymous_0)","decl":{"start":{"line":11,"column":2},"end":{"line":11,"column":3}},"loc":{"start":{"line":11,"column":43},"end":{"line":20,"column":3}},"line":11},"1":{"name":"(anonymous_1)","decl":{"start":{"line":22,"column":2},"end":{"line":22,"column":3}},"loc":{"start":{"line":22,"column":43},"end":{"line":44,"column":3}},"line":22},"2":{"name":"(anonymous_2)","decl":{"start":{"line":46,"column":2},"end":{"line":46,"column":3}},"loc":{"start":{"line":46,"column":40},"end":{"line":61,"column":3}},"line":46},"3":{"name":"(anonymous_3)","decl":{"start":{"line":63,"column":2},"end":{"line":63,"column":3}},"loc":{"start":{"line":63,"column":37},"end":{"line":97,"column":3}},"line":63},"4":{"name":"(anonymous_4)","decl":{"start":{"line":99,"column":2},"end":{"line":99,"column":3}},"loc":{"start":{"line":99,"column":48},"end":{"line":151,"column":3}},"line":99},"5":{"name":"(anonymous_5)","decl":{"start":{"line":153,"column":2},"end":{"line":153,"column":3}},"loc":{"start":{"line":153,"column":50},"end":{"line":184,"column":3}},"line":153},"6":{"name":"(anonymous_6)","decl":{"start":{"line":186,"column":2},"end":{"line":186,"column":3}},"loc":{"start":{"line":186,"column":51},"end":{"line":203,"column":3}},"line":186}},"branchMap":{"0":{"loc":{"start":{"line":28,"column":6},"end":{"line":35,"column":7}},"type":"if","locations":[{"start":{"line":28,"column":6},"end":{"line":35,"column":7}},{"start":{},"end":{}}],"line":28},"1":{"loc":{"start":{"line":69,"column":6},"end":{"line":71,"column":7}},"type":"if","locations":[{"start":{"line":69,"column":6},"end":{"line":71,"column":7}},{"start":{},"end":{}}],"line":69},"2":{"loc":{"start":{"line":69,"column":10},"end":{"line":69,"column":29}},"type":"binary-expr","locations":[{"start":{"line":69,"column":10},"end":{"line":69,"column":16}},{"start":{"line":69,"column":20},"end":{"line":69,"column":29}}],"line":69},"3":{"loc":{"start":{"line":74,"column":6},"end":{"line":76,"column":7}},"type":"if","locations":[{"start":{"line":74,"column":6},"end":{"line":76,"column":7}},{"start":{},"end":{}}],"line":74},"4":{"loc":{"start":{"line":74,"column":10},"end":{"line":74,"column":70}},"type":"binary-expr","locations":[{"start":{"line":74,"column":10},"end":{"line":74,"column":20}},{"start":{"line":74,"column":24},"end":{"line":74,"column":70}}],"line":74}},"s":{"0":1,"1":1,"2":1,"3":1,"4":1,"5":1,"6":0,"7":0,"8":0,"9":0,"10":0,"11":0,"12":0,"13":0,"14":0,"15":0,"16":0,"17":0,"18":0,"19":0,"20":0,"21":0,"22":0,"23":0,"24":0,"25":0,"26":0,"27":0,"28":0,"29":0,"30":0,"31":0,"32":0,"33":0,"34":0,"35":0,"36":0,"37":0,"38":0,"39":0,"40":0,"41":0,"42":0,"43":0,"44":0,"45":0,"46":0,"47":0,"48":0,"49":0,"50":0,"51":0,"52":0,"53":1},"f":{"0":0,"1":0,"2":0,"3":0,"4":0,"5":0,"6":0},"b":{"0":[0,0],"1":[0,0],"2":[0,0],"3":[0,0],"4":[0,0]},"_coverageSchema":"1a1c01bbd47fc00a2c39e90264f33305004495a9","hash":"3f7616e4e6d0014651e79a80a093f32a858f2b85"}
,"D:\\bootcamp-h8\\phase-3\\Lactalink\\server\\middlewares\\authentication.js": {"path":"D:\\bootcamp-h8\\phase-3\\Lactalink\\server\\middlewares\\authentication.js","statementMap":{"0":{"start":{"line":1,"column":21},"end":{"line":1,"column":39}},"1":{"start":{"line":2,"column":24},"end":{"line":2,"column":51}},"2":{"start":{"line":4,"column":23},"end":{"line":22,"column":1}},"3":{"start":{"line":5,"column":2},"end":{"line":21,"column":3}},"4":{"start":{"line":6,"column":25},"end":{"line":6,"column":67}},"5":{"start":{"line":8,"column":4},"end":{"line":10,"column":5}},"6":{"start":{"line":9,"column":6},"end":{"line":9,"column":36}},"7":{"start":{"line":12,"column":20},"end":{"line":12,"column":45}},"8":{"start":{"line":16,"column":4},"end":{"line":16,"column":72}},"9":{"start":{"line":18,"column":4},"end":{"line":18,"column":10}},"10":{"start":{"line":20,"column":4},"end":{"line":20,"column":15}},"11":{"start":{"line":24,"column":0},"end":{"line":24,"column":31}}},"fnMap":{"0":{"name":"(anonymous_0)","decl":{"start":{"line":4,"column":23},"end":{"line":4,"column":24}},"loc":{"start":{"line":4,"column":43},"end":{"line":22,"column":1}},"line":4}},"branchMap":{"0":{"loc":{"start":{"line":8,"column":4},"end":{"line":10,"column":5}},"type":"if","locations":[{"start":{"line":8,"column":4},"end":{"line":10,"column":5}},{"start":{},"end":{}}],"line":8}},"s":{"0":1,"1":1,"2":1,"3":0,"4":0,"5":0,"6":0,"7":0,"8":0,"9":0,"10":0,"11":1},"f":{"0":0},"b":{"0":[0,0]},"_coverageSchema":"1a1c01bbd47fc00a2c39e90264f33305004495a9","hash":"8aa2723492b03c75c3752b2ced521bb15ba46d81"}
,"D:\\bootcamp-h8\\phase-3\\Lactalink\\server\\middlewares\\errorHandler.js": {"path":"D:\\bootcamp-h8\\phase-3\\Lactalink\\server\\middlewares\\errorHandler.js","statementMap":{"0":{"start":{"line":3,"column":21},"end":{"line":52,"column":1}},"1":{"start":{"line":4,"column":2},"end":{"line":4,"column":50}},"2":{"start":{"line":5,"column":15},"end":{"line":5,"column":18}},"3":{"start":{"line":6,"column":16},"end":{"line":6,"column":39}},"4":{"start":{"line":8,"column":2},"end":{"line":13,"column":3}},"5":{"start":{"line":9,"column":4},"end":{"line":9,"column":16}},"6":{"start":{"line":10,"column":4},"end":{"line":12,"column":7}},"7":{"start":{"line":11,"column":6},"end":{"line":11,"column":70}},"8":{"start":{"line":16,"column":2},"end":{"line":19,"column":3}},"9":{"start":{"line":17,"column":4},"end":{"line":17,"column":16}},"10":{"start":{"line":18,"column":4},"end":{"line":18,"column":71}},"11":{"start":{"line":21,"column":2},"end":{"line":24,"column":3}},"12":{"start":{"line":22,"column":4},"end":{"line":22,"column":17}},"13":{"start":{"line":23,"column":4},"end":{"line":23,"column":43}},"14":{"start":{"line":26,"column":2},"end":{"line":29,"column":3}},"15":{"start":{"line":27,"column":4},"end":{"line":27,"column":16}},"16":{"start":{"line":28,"column":4},"end":{"line":28,"column":38}},"17":{"start":{"line":31,"column":2},"end":{"line":34,"column":3}},"18":{"start":{"line":32,"column":4},"end":{"line":32,"column":16}},"19":{"start":{"line":33,"column":4},"end":{"line":33,"column":36}},"20":{"start":{"line":36,"column":2},"end":{"line":39,"column":3}},"21":{"start":{"line":37,"column":4},"end":{"line":37,"column":16}},"22":{"start":{"line":38,"column":4},"end":{"line":38,"column":28}},"23":{"start":{"line":41,"column":2},"end":{"line":44,"column":3}},"24":{"start":{"line":42,"column":4},"end":{"line":42,"column":17}},"25":{"start":{"line":43,"column":4},"end":{"line":43,"column":26}},"26":{"start":{"line":46,"column":2},"end":{"line":49,"column":3}},"27":{"start":{"line":47,"column":4},"end":{"line":47,"column":17}},"28":{"start":{"line":48,"column":4},"end":{"line":48,"column":34}},"29":{"start":{"line":51,"column":2},"end":{"line":51,"column":39}},"30":{"start":{"line":54,"column":0},"end":{"line":54,"column":30}}},"fnMap":{"0":{"name":"(anonymous_0)","decl":{"start":{"line":3,"column":21},"end":{"line":3,"column":22}},"loc":{"start":{"line":3,"column":48},"end":{"line":52,"column":1}},"line":3},"1":{"name":"(anonymous_1)","decl":{"start":{"line":10,"column":38},"end":{"line":10,"column":39}},"loc":{"start":{"line":10,"column":47},"end":{"line":12,"column":5}},"line":10}},"branchMap":{"0":{"loc":{"start":{"line":8,"column":2},"end":{"line":13,"column":3}},"type":"if","locations":[{"start":{"line":8,"column":2},"end":{"line":13,"column":3}},{"start":{},"end":{}}],"line":8},"1":{"loc":{"start":{"line":16,"column":2},"end":{"line":19,"column":3}},"type":"if","locations":[{"start":{"line":16,"column":2},"end":{"line":19,"column":3}},{"start":{},"end":{}}],"line":16},"2":{"loc":{"start":{"line":16,"column":6},"end":{"line":16,"column":61}},"type":"binary-expr","locations":[{"start":{"line":16,"column":6},"end":{"line":16,"column":38}},{"start":{"line":16,"column":42},"end":{"line":16,"column":61}}],"line":16},"3":{"loc":{"start":{"line":21,"column":2},"end":{"line":24,"column":3}},"type":"if","locations":[{"start":{"line":21,"column":2},"end":{"line":24,"column":3}},{"start":{},"end":{}}],"line":21},"4":{"loc":{"start":{"line":26,"column":2},"end":{"line":29,"column":3}},"type":"if","locations":[{"start":{"line":26,"column":2},"end":{"line":29,"column":3}},{"start":{},"end":{}}],"line":26},"5":{"loc":{"start":{"line":31,"column":2},"end":{"line":34,"column":3}},"type":"if","locations":[{"start":{"line":31,"column":2},"end":{"line":34,"column":3}},{"start":{},"end":{}}],"line":31},"6":{"loc":{"start":{"line":36,"column":2},"end":{"line":39,"column":3}},"type":"if","locations":[{"start":{"line":36,"column":2},"end":{"line":39,"column":3}},{"start":{},"end":{}}],"line":36},"7":{"loc":{"start":{"line":41,"column":2},"end":{"line":44,"column":3}},"type":"if","locations":[{"start":{"line":41,"column":2},"end":{"line":44,"column":3}},{"start":{},"end":{}}],"line":41},"8":{"loc":{"start":{"line":46,"column":2},"end":{"line":49,"column":3}},"type":"if","locations":[{"start":{"line":46,"column":2},"end":{"line":49,"column":3}},{"start":{},"end":{}}],"line":46}},"s":{"0":1,"1":0,"2":0,"3":0,"4":0,"5":0,"6":0,"7":0,"8":0,"9":0,"10":0,"11":0,"12":0,"13":0,"14":0,"15":0,"16":0,"17":0,"18":0,"19":0,"20":0,"21":0,"22":0,"23":0,"24":0,"25":0,"26":0,"27":0,"28":0,"29":0,"30":1},"f":{"0":0,"1":0},"b":{"0":[0,0],"1":[0,0],"2":[0,0],"3":[0,0],"4":[0,0],"5":[0,0],"6":[0,0],"7":[0,0],"8":[0,0]},"_coverageSchema":"1a1c01bbd47fc00a2c39e90264f33305004495a9","hash":"9813d093ce1fffb595b3ee969b2d8462188b97aa"}
,"D:\\bootcamp-h8\\phase-3\\Lactalink\\server\\models\\milk.js": {"path":"D:\\bootcamp-h8\\phase-3\\Lactalink\\server\\models\\milk.js","statementMap":{"0":{"start":{"line":1,"column":21},"end":{"line":1,"column":39}},"1":{"start":{"line":2,"column":17},"end":{"line":2,"column":36}},"2":{"start":{"line":4,"column":19},"end":{"line":31,"column":2}},"3":{"start":{"line":33,"column":0},"end":{"line":33,"column":52}}},"fnMap":{},"branchMap":{},"s":{"0":1,"1":1,"2":1,"3":1},"f":{},"b":{},"_coverageSchema":"1a1c01bbd47fc00a2c39e90264f33305004495a9","hash":"629a0a3d1a75ccfab418831e4da20e85760fb9ca"}
,"D:\\bootcamp-h8\\phase-3\\Lactalink\\server\\models\\user.js": {"path":"D:\\bootcamp-h8\\phase-3\\Lactalink\\server\\models\\user.js","statementMap":{"0":{"start":{"line":1,"column":17},"end":{"line":1,"column":36}},"1":{"start":{"line":2,"column":25},"end":{"line":2,"column":51}},"2":{"start":{"line":4,"column":19},"end":{"line":35,"column":2}},"3":{"start":{"line":38,"column":0},"end":{"line":42,"column":3}},"4":{"start":{"line":39,"column":2},"end":{"line":39,"column":40}},"5":{"start":{"line":40,"column":2},"end":{"line":40,"column":45}},"6":{"start":{"line":41,"column":2},"end":{"line":41,"column":9}},"7":{"start":{"line":44,"column":0},"end":{"line":44,"column":52}}},"fnMap":{"0":{"name":"(anonymous_0)","decl":{"start":{"line":38,"column":23},"end":{"line":38,"column":24}},"loc":{"start":{"line":38,"column":39},"end":{"line":42,"column":1}},"line":38}},"branchMap":{},"s":{"0":1,"1":1,"2":1,"3":1,"4":4,"5":4,"6":4,"7":1},"f":{"0":4},"b":{},"_coverageSchema":"1a1c01bbd47fc00a2c39e90264f33305004495a9","hash":"ac82484fefaa9ff0714b76335016f7eb87d30f21"}
,"D:\\bootcamp-h8\\phase-3\\Lactalink\\server\\models\\userDetail.js": {"path":"D:\\bootcamp-h8\\phase-3\\Lactalink\\server\\models\\userDetail.js","statementMap":{"0":{"start":{"line":1,"column":21},"end":{"line":1,"column":39}},"1":{"start":{"line":2,"column":17},"end":{"line":2,"column":36}},"2":{"start":{"line":4,"column":19},"end":{"line":69,"column":2}},"3":{"start":{"line":71,"column":0},"end":{"line":71,"column":58}}},"fnMap":{},"branchMap":{},"s":{"0":1,"1":1,"2":1,"3":1},"f":{},"b":{},"_coverageSchema":"1a1c01bbd47fc00a2c39e90264f33305004495a9","hash":"549497d611dac2ce6261170ce6c9f8f90657a98d"}
,"D:\\bootcamp-h8\\phase-3\\Lactalink\\server\\routers\\index.js": {"path":"D:\\bootcamp-h8\\phase-3\\Lactalink\\server\\routers\\index.js","statementMap":{"0":{"start":{"line":1,"column":16},"end":{"line":1,"column":34}},"1":{"start":{"line":2,"column":15},"end":{"line":2,"column":31}},"2":{"start":{"line":3,"column":14},"end":{"line":3,"column":32}},"3":{"start":{"line":4,"column":14},"end":{"line":4,"column":32}},"4":{"start":{"line":5,"column":54},"end":{"line":5,"column":94}},"5":{"start":{"line":6,"column":23},"end":{"line":6,"column":63}},"6":{"start":{"line":8,"column":15},"end":{"line":8,"column":41}},"7":{"start":{"line":9,"column":25},"end":{"line":9,"column":46}},"8":{"start":{"line":11,"column":0},"end":{"line":11,"column":64}},"9":{"start":{"line":12,"column":0},"end":{"line":12,"column":39}},"10":{"start":{"line":13,"column":0},"end":{"line":13,"column":29}},"11":{"start":{"line":15,"column":0},"end":{"line":15,"column":27}},"12":{"start":{"line":17,"column":0},"end":{"line":17,"column":27}},"13":{"start":{"line":18,"column":0},"end":{"line":18,"column":27}},"14":{"start":{"line":20,"column":0},"end":{"line":20,"column":24}}},"fnMap":{},"branchMap":{},"s":{"0":1,"1":1,"2":1,"3":1,"4":1,"5":1,"6":1,"7":1,"8":1,"9":1,"10":1,"11":1,"12":1,"13":1,"14":1},"f":{},"b":{},"_coverageSchema":"1a1c01bbd47fc00a2c39e90264f33305004495a9","hash":"9c9adbb0e77587a94dd9d40541673b33939bb4ad"}
,"D:\\bootcamp-h8\\phase-3\\Lactalink\\server\\routers\\milks.js": {"path":"D:\\bootcamp-h8\\phase-3\\Lactalink\\server\\routers\\milks.js","statementMap":{"0":{"start":{"line":1,"column":16},"end":{"line":1,"column":34}},"1":{"start":{"line":6,"column":4},"end":{"line":6,"column":44}},"2":{"start":{"line":7,"column":15},"end":{"line":7,"column":31}},"3":{"start":{"line":9,"column":0},"end":{"line":9,"column":29}},"4":{"start":{"line":10,"column":0},"end":{"line":10,"column":25}},"5":{"start":{"line":11,"column":0},"end":{"line":11,"column":34}},"6":{"start":{"line":13,"column":0},"end":{"line":13,"column":24}}},"fnMap":{},"branchMap":{},"s":{"0":1,"1":1,"2":1,"3":1,"4":1,"5":1,"6":1},"f":{},"b":{},"_coverageSchema":"1a1c01bbd47fc00a2c39e90264f33305004495a9","hash":"b197b5a1b4b8beb9a3bfa7395b457cda481fcaf4"}
,"D:\\bootcamp-h8\\phase-3\\Lactalink\\server\\routers\\users.js": {"path":"D:\\bootcamp-h8\\phase-3\\Lactalink\\server\\routers\\users.js","statementMap":{"0":{"start":{"line":2,"column":16},"end":{"line":2,"column":34}},"1":{"start":{"line":3,"column":83},"end":{"line":3,"column":123}},"2":{"start":{"line":4,"column":15},"end":{"line":4,"column":31}},"3":{"start":{"line":6,"column":0},"end":{"line":6,"column":28}},"4":{"start":{"line":8,"column":0},"end":{"line":8,"column":40}},"5":{"start":{"line":9,"column":0},"end":{"line":9,"column":41}},"6":{"start":{"line":10,"column":0},"end":{"line":10,"column":42}},"7":{"start":{"line":12,"column":0},"end":{"line":12,"column":24}}},"fnMap":{},"branchMap":{},"s":{"0":1,"1":1,"2":1,"3":1,"4":1,"5":1,"6":1,"7":1},"f":{},"b":{},"_coverageSchema":"1a1c01bbd47fc00a2c39e90264f33305004495a9","hash":"0a84e6d499f17a90bc466a6a10241ce227e411be"}
,"D:\\bootcamp-h8\\phase-3\\Lactalink\\server\\utils\\bcrypt.js": {"path":"D:\\bootcamp-h8\\phase-3\\Lactalink\\server\\utils\\bcrypt.js","statementMap":{"0":{"start":{"line":1,"column":15},"end":{"line":1,"column":34}},"1":{"start":{"line":3,"column":21},"end":{"line":5,"column":1}},"2":{"start":{"line":4,"column":2},"end":{"line":4,"column":34}},"3":{"start":{"line":7,"column":24},"end":{"line":9,"column":1}},"4":{"start":{"line":8,"column":2},"end":{"line":8,"column":53}},"5":{"start":{"line":12,"column":0},"end":{"line":12,"column":50}}},"fnMap":{"0":{"name":"(anonymous_0)","decl":{"start":{"line":3,"column":21},"end":{"line":3,"column":22}},"loc":{"start":{"line":3,"column":35},"end":{"line":5,"column":1}},"line":3},"1":{"name":"(anonymous_1)","decl":{"start":{"line":7,"column":24},"end":{"line":7,"column":25}},"loc":{"start":{"line":7,"column":54},"end":{"line":9,"column":1}},"line":7}},"branchMap":{},"s":{"0":1,"1":1,"2":4,"3":1,"4":0,"5":1},"f":{"0":4,"1":0},"b":{},"_coverageSchema":"1a1c01bbd47fc00a2c39e90264f33305004495a9","hash":"267e1116a85e2de23220a3d0ed60e1d237d734a4"}
,"D:\\bootcamp-h8\\phase-3\\Lactalink\\server\\utils\\gvision.js": {"path":"D:\\bootcamp-h8\\phase-3\\Lactalink\\server\\utils\\gvision.js","statementMap":{"0":{"start":{"line":1,"column":15},"end":{"line":1,"column":46}},"1":{"start":{"line":3,"column":15},"end":{"line":8,"column":1}},"2":{"start":{"line":10,"column":15},"end":{"line":10,"column":54}},"3":{"start":{"line":12,"column":26},"end":{"line":22,"column":1}},"4":{"start":{"line":13,"column":19},"end":{"line":13,"column":51}},"5":{"start":{"line":16,"column":2},"end":{"line":20,"column":4}},"6":{"start":{"line":17,"column":4},"end":{"line":19,"column":5}},"7":{"start":{"line":18,"column":6},"end":{"line":18,"column":29}},"8":{"start":{"line":21,"column":2},"end":{"line":21,"column":15}},"9":{"start":{"line":24,"column":0},"end":{"line":24,"column":34}}},"fnMap":{"0":{"name":"(anonymous_0)","decl":{"start":{"line":12,"column":26},"end":{"line":12,"column":27}},"loc":{"start":{"line":12,"column":42},"end":{"line":22,"column":1}},"line":12},"1":{"name":"(anonymous_1)","decl":{"start":{"line":16,"column":36},"end":{"line":16,"column":37}},"loc":{"start":{"line":16,"column":42},"end":{"line":20,"column":3}},"line":16}},"branchMap":{"0":{"loc":{"start":{"line":17,"column":4},"end":{"line":19,"column":5}},"type":"if","locations":[{"start":{"line":17,"column":4},"end":{"line":19,"column":5}},{"start":{},"end":{}}],"line":17},"1":{"loc":{"start":{"line":17,"column":8},"end":{"line":17,"column":63}},"type":"binary-expr","locations":[{"start":{"line":17,"column":8},"end":{"line":17,"column":31}},{"start":{"line":17,"column":35},"end":{"line":17,"column":63}}],"line":17}},"s":{"0":1,"1":1,"2":1,"3":1,"4":0,"5":0,"6":0,"7":0,"8":0,"9":1},"f":{"0":0,"1":0},"b":{"0":[0,0],"1":[0,0]},"_coverageSchema":"1a1c01bbd47fc00a2c39e90264f33305004495a9","hash":"52c549b7dad9d791c750a2dd92e117429c1d1b60"}
,"D:\\bootcamp-h8\\phase-3\\Lactalink\\server\\utils\\jwtoken.js": {"path":"D:\\bootcamp-h8\\phase-3\\Lactalink\\server\\utils\\jwtoken.js","statementMap":{"0":{"start":{"line":1,"column":12},"end":{"line":1,"column":35}},"1":{"start":{"line":3,"column":19},"end":{"line":3,"column":46}},"2":{"start":{"line":5,"column":20},"end":{"line":7,"column":1}},"3":{"start":{"line":6,"column":2},"end":{"line":6,"column":37}},"4":{"start":{"line":9,"column":20},"end":{"line":11,"column":1}},"5":{"start":{"line":10,"column":2},"end":{"line":10,"column":38}},"6":{"start":{"line":13,"column":0},"end":{"line":13,"column":45}}},"fnMap":{"0":{"name":"(anonymous_0)","decl":{"start":{"line":5,"column":20},"end":{"line":5,"column":21}},"loc":{"start":{"line":5,"column":32},"end":{"line":7,"column":1}},"line":5},"1":{"name":"(anonymous_1)","decl":{"start":{"line":9,"column":20},"end":{"line":9,"column":21}},"loc":{"start":{"line":9,"column":31},"end":{"line":11,"column":1}},"line":9}},"branchMap":{},"s":{"0":1,"1":1,"2":1,"3":0,"4":1,"5":0,"6":1},"f":{"0":0,"1":0},"b":{},"_coverageSchema":"1a1c01bbd47fc00a2c39e90264f33305004495a9","hash":"18d1e07a64f76d85782299984ca4a1aaf91f6417"}
,"D:\\bootcamp-h8\\phase-3\\Lactalink\\server\\utils\\multer.js": {"path":"D:\\bootcamp-h8\\phase-3\\Lactalink\\server\\utils\\multer.js","statementMap":{"0":{"start":{"line":1,"column":15},"end":{"line":1,"column":32}},"1":{"start":{"line":2,"column":16},"end":{"line":2,"column":38}},"2":{"start":{"line":3,"column":15},"end":{"line":3,"column":43}},"3":{"start":{"line":5,"column":0},"end":{"line":5,"column":23}}},"fnMap":{},"branchMap":{},"s":{"0":1,"1":1,"2":1,"3":1},"f":{},"b":{},"_coverageSchema":"1a1c01bbd47fc00a2c39e90264f33305004495a9","hash":"91522737f685439257f0addbe868220bf1761c8d"}
}
