{"/Users/margeryolethea/Library/CloudStorage/GoogleDrive-margeryolethea@gmail.com/My Drive/BOOTCAMP/PHASE 3/12. LACTALINK - Final Project/Lactalink/server/app.js": {"path":"/Users/margeryolethea/Library/CloudStorage/GoogleDrive-margeryolethea@gmail.com/My Drive/BOOTCAMP/PHASE 3/12. LACTALINK - Final Project/Lactalink/server/app.js","statementMap":{"0":{"start":{"line":1,"column":0},"end":{"line":3,"column":1}},"1":{"start":{"line":2,"column":2},"end":{"line":2,"column":29}},"2":{"start":{"line":6,"column":15},"end":{"line":6,"column":41}},"3":{"start":{"line":7,"column":16},"end":{"line":7,"column":34}},"4":{"start":{"line":8,"column":13},"end":{"line":8,"column":28}},"5":{"start":{"line":9,"column":21},"end":{"line":9,"column":58}},"6":{"start":{"line":11,"column":12},"end":{"line":11,"column":21}},"7":{"start":{"line":13,"column":0},"end":{"line":13,"column":16}},"8":{"start":{"line":15,"column":0},"end":{"line":15,"column":48}},"9":{"start":{"line":16,"column":0},"end":{"line":16,"column":24}},"10":{"start":{"line":19,"column":0},"end":{"line":19,"column":16}},"11":{"start":{"line":20,"column":0},"end":{"line":20,"column":22}},"12":{"start":{"line":22,"column":0},"end":{"line":22,"column":20}}},"fnMap":{},"branchMap":{"0":{"loc":{"start":{"line":1,"column":0},"end":{"line":3,"column":1}},"type":"if","locations":[{"start":{"line":1,"column":0},"end":{"line":3,"column":1}},{"start":{},"end":{}}],"line":1}},"s":{"0":2,"1":2,"2":2,"3":2,"4":2,"5":2,"6":2,"7":2,"8":2,"9":2,"10":2,"11":2,"12":2},"f":{},"b":{"0":[2,0]},"_coverageSchema":"1a1c01bbd47fc00a2c39e90264f33305004495a9","hash":"db98f6ed1e8de303ee1a48d589c3d4e237043f79"}
,"/Users/margeryolethea/Library/CloudStorage/GoogleDrive-margeryolethea@gmail.com/My Drive/BOOTCAMP/PHASE 3/12. LACTALINK - Final Project/Lactalink/server/controllers/MilkController.js": {"path":"/Users/margeryolethea/Library/CloudStorage/GoogleDrive-margeryolethea@gmail.com/My Drive/BOOTCAMP/PHASE 3/12. LACTALINK - Final Project/Lactalink/server/controllers/MilkController.js","statementMap":{"0":{"start":{"line":1,"column":21},"end":{"line":1,"column":39}},"1":{"start":{"line":2,"column":13},"end":{"line":2,"column":38}},"2":{"start":{"line":3,"column":19},"end":{"line":3,"column":50}},"3":{"start":{"line":7,"column":4},"end":{"line":25,"column":5}},"4":{"start":{"line":8,"column":47},"end":{"line":8,"column":55}},"5":{"start":{"line":12,"column":22},"end":{"line":17,"column":8}},"6":{"start":{"line":19,"column":6},"end":{"line":22,"column":9}},"7":{"start":{"line":24,"column":6},"end":{"line":24,"column":18}},"8":{"start":{"line":46,"column":4},"end":{"line":193,"column":5}},"9":{"start":{"line":47,"column":27},"end":{"line":47,"column":36}},"10":{"start":{"line":48,"column":30},"end":{"line":48,"column":39}},"11":{"start":{"line":50,"column":18},"end":{"line":87,"column":7}},"12":{"start":{"line":89,"column":20},"end":{"line":89,"column":69}},"13":{"start":{"line":91,"column":30},"end":{"line":93,"column":8}},"14":{"start":{"line":95,"column":35},"end":{"line":173,"column":8}},"15":{"start":{"line":96,"column":20},"end":{"line":96,"column":21}},"16":{"start":{"line":97,"column":8},"end":{"line":99,"column":9}},"17":{"start":{"line":98,"column":10},"end":{"line":98,"column":21}},"18":{"start":{"line":100,"column":8},"end":{"line":102,"column":9}},"19":{"start":{"line":101,"column":10},"end":{"line":101,"column":21}},"20":{"start":{"line":103,"column":8},"end":{"line":105,"column":9}},"21":{"start":{"line":104,"column":10},"end":{"line":104,"column":21}},"22":{"start":{"line":106,"column":8},"end":{"line":108,"column":9}},"23":{"start":{"line":107,"column":10},"end":{"line":107,"column":21}},"24":{"start":{"line":109,"column":8},"end":{"line":111,"column":9}},"25":{"start":{"line":110,"column":10},"end":{"line":110,"column":21}},"26":{"start":{"line":112,"column":8},"end":{"line":114,"column":9}},"27":{"start":{"line":113,"column":10},"end":{"line":113,"column":21}},"28":{"start":{"line":115,"column":8},"end":{"line":117,"column":9}},"29":{"start":{"line":116,"column":10},"end":{"line":116,"column":21}},"30":{"start":{"line":118,"column":8},"end":{"line":120,"column":9}},"31":{"start":{"line":119,"column":10},"end":{"line":119,"column":21}},"32":{"start":{"line":121,"column":8},"end":{"line":123,"column":9}},"33":{"start":{"line":122,"column":10},"end":{"line":122,"column":21}},"34":{"start":{"line":124,"column":8},"end":{"line":126,"column":9}},"35":{"start":{"line":125,"column":10},"end":{"line":125,"column":21}},"36":{"start":{"line":127,"column":8},"end":{"line":129,"column":9}},"37":{"start":{"line":128,"column":10},"end":{"line":128,"column":21}},"38":{"start":{"line":130,"column":8},"end":{"line":132,"column":9}},"39":{"start":{"line":131,"column":10},"end":{"line":131,"column":21}},"40":{"start":{"line":134,"column":8},"end":{"line":141,"column":9}},"41":{"start":{"line":135,"column":10},"end":{"line":137,"column":11}},"42":{"start":{"line":136,"column":12},"end":{"line":136,"column":23}},"43":{"start":{"line":138,"column":10},"end":{"line":140,"column":11}},"44":{"start":{"line":139,"column":12},"end":{"line":139,"column":23}},"45":{"start":{"line":142,"column":8},"end":{"line":149,"column":9}},"46":{"start":{"line":143,"column":10},"end":{"line":145,"column":11}},"47":{"start":{"line":144,"column":12},"end":{"line":144,"column":23}},"48":{"start":{"line":146,"column":10},"end":{"line":148,"column":11}},"49":{"start":{"line":147,"column":12},"end":{"line":147,"column":23}},"50":{"start":{"line":150,"column":8},"end":{"line":163,"column":9}},"51":{"start":{"line":151,"column":10},"end":{"line":153,"column":11}},"52":{"start":{"line":152,"column":12},"end":{"line":152,"column":23}},"53":{"start":{"line":154,"column":10},"end":{"line":156,"column":11}},"54":{"start":{"line":155,"column":12},"end":{"line":155,"column":23}},"55":{"start":{"line":157,"column":10},"end":{"line":159,"column":11}},"56":{"start":{"line":158,"column":12},"end":{"line":158,"column":23}},"57":{"start":{"line":160,"column":10},"end":{"line":162,"column":11}},"58":{"start":{"line":161,"column":12},"end":{"line":161,"column":23}},"59":{"start":{"line":164,"column":8},"end":{"line":168,"column":9}},"60":{"start":{"line":165,"column":10},"end":{"line":167,"column":11}},"61":{"start":{"line":166,"column":12},"end":{"line":166,"column":23}},"62":{"start":{"line":170,"column":27},"end":{"line":170,"column":57}},"63":{"start":{"line":172,"column":8},"end":{"line":172,"column":46}},"64":{"start":{"line":175,"column":6},"end":{"line":185,"column":7}},"65":{"start":{"line":176,"column":8},"end":{"line":184,"column":9}},"66":{"start":{"line":177,"column":10},"end":{"line":179,"column":13}},"67":{"start":{"line":178,"column":12},"end":{"line":178,"column":37}},"68":{"start":{"line":180,"column":15},"end":{"line":184,"column":9}},"69":{"start":{"line":181,"column":10},"end":{"line":183,"column":13}},"70":{"start":{"line":182,"column":12},"end":{"line":182,"column":37}},"71":{"start":{"line":187,"column":6},"end":{"line":190,"column":9}},"72":{"start":{"line":192,"column":6},"end":{"line":192,"column":18}},"73":{"start":{"line":197,"column":4},"end":{"line":218,"column":5}},"74":{"start":{"line":198,"column":21},"end":{"line":198,"column":31}},"75":{"start":{"line":200,"column":22},"end":{"line":200,"column":67}},"76":{"start":{"line":202,"column":6},"end":{"line":204,"column":7}},"77":{"start":{"line":203,"column":8},"end":{"line":203,"column":35}},"78":{"start":{"line":206,"column":6},"end":{"line":208,"column":7}},"79":{"start":{"line":207,"column":8},"end":{"line":207,"column":36}},"80":{"start":{"line":210,"column":26},"end":{"line":210,"column":73}},"81":{"start":{"line":212,"column":6},"end":{"line":215,"column":9}},"82":{"start":{"line":217,"column":6},"end":{"line":217,"column":18}},"83":{"start":{"line":222,"column":0},"end":{"line":222,"column":32}}},"fnMap":{"0":{"name":"(anonymous_0)","decl":{"start":{"line":6,"column":2},"end":{"line":6,"column":3}},"loc":{"start":{"line":6,"column":42},"end":{"line":26,"column":3}},"line":6},"1":{"name":"(anonymous_1)","decl":{"start":{"line":28,"column":2},"end":{"line":28,"column":3}},"loc":{"start":{"line":28,"column":39},"end":{"line":194,"column":3}},"line":28},"2":{"name":"(anonymous_2)","decl":{"start":{"line":95,"column":45},"end":{"line":95,"column":46}},"loc":{"start":{"line":95,"column":55},"end":{"line":173,"column":7}},"line":95},"3":{"name":"(anonymous_3)","decl":{"start":{"line":177,"column":36},"end":{"line":177,"column":37}},"loc":{"start":{"line":177,"column":46},"end":{"line":179,"column":11}},"line":177},"4":{"name":"(anonymous_4)","decl":{"start":{"line":181,"column":36},"end":{"line":181,"column":37}},"loc":{"start":{"line":181,"column":46},"end":{"line":183,"column":11}},"line":181},"5":{"name":"(anonymous_5)","decl":{"start":{"line":196,"column":2},"end":{"line":196,"column":3}},"loc":{"start":{"line":196,"column":42},"end":{"line":219,"column":3}},"line":196}},"branchMap":{"0":{"loc":{"start":{"line":84,"column":29},"end":{"line":84,"column":63}},"type":"binary-expr","locations":[{"start":{"line":84,"column":29},"end":{"line":84,"column":37}},{"start":{"line":84,"column":41},"end":{"line":84,"column":63}}],"line":84},"1":{"loc":{"start":{"line":97,"column":8},"end":{"line":99,"column":9}},"type":"if","locations":[{"start":{"line":97,"column":8},"end":{"line":99,"column":9}},{"start":{},"end":{}}],"line":97},"2":{"loc":{"start":{"line":100,"column":8},"end":{"line":102,"column":9}},"type":"if","locations":[{"start":{"line":100,"column":8},"end":{"line":102,"column":9}},{"start":{},"end":{}}],"line":100},"3":{"loc":{"start":{"line":103,"column":8},"end":{"line":105,"column":9}},"type":"if","locations":[{"start":{"line":103,"column":8},"end":{"line":105,"column":9}},{"start":{},"end":{}}],"line":103},"4":{"loc":{"start":{"line":106,"column":8},"end":{"line":108,"column":9}},"type":"if","locations":[{"start":{"line":106,"column":8},"end":{"line":108,"column":9}},{"start":{},"end":{}}],"line":106},"5":{"loc":{"start":{"line":109,"column":8},"end":{"line":111,"column":9}},"type":"if","locations":[{"start":{"line":109,"column":8},"end":{"line":111,"column":9}},{"start":{},"end":{}}],"line":109},"6":{"loc":{"start":{"line":112,"column":8},"end":{"line":114,"column":9}},"type":"if","locations":[{"start":{"line":112,"column":8},"end":{"line":114,"column":9}},{"start":{},"end":{}}],"line":112},"7":{"loc":{"start":{"line":115,"column":8},"end":{"line":117,"column":9}},"type":"if","locations":[{"start":{"line":115,"column":8},"end":{"line":117,"column":9}},{"start":{},"end":{}}],"line":115},"8":{"loc":{"start":{"line":118,"column":8},"end":{"line":120,"column":9}},"type":"if","locations":[{"start":{"line":118,"column":8},"end":{"line":120,"column":9}},{"start":{},"end":{}}],"line":118},"9":{"loc":{"start":{"line":121,"column":8},"end":{"line":123,"column":9}},"type":"if","locations":[{"start":{"line":121,"column":8},"end":{"line":123,"column":9}},{"start":{},"end":{}}],"line":121},"10":{"loc":{"start":{"line":124,"column":8},"end":{"line":126,"column":9}},"type":"if","locations":[{"start":{"line":124,"column":8},"end":{"line":126,"column":9}},{"start":{},"end":{}}],"line":124},"11":{"loc":{"start":{"line":127,"column":8},"end":{"line":129,"column":9}},"type":"if","locations":[{"start":{"line":127,"column":8},"end":{"line":129,"column":9}},{"start":{},"end":{}}],"line":127},"12":{"loc":{"start":{"line":130,"column":8},"end":{"line":132,"column":9}},"type":"if","locations":[{"start":{"line":130,"column":8},"end":{"line":132,"column":9}},{"start":{},"end":{}}],"line":130},"13":{"loc":{"start":{"line":134,"column":8},"end":{"line":141,"column":9}},"type":"if","locations":[{"start":{"line":134,"column":8},"end":{"line":141,"column":9}},{"start":{},"end":{}}],"line":134},"14":{"loc":{"start":{"line":135,"column":10},"end":{"line":137,"column":11}},"type":"if","locations":[{"start":{"line":135,"column":10},"end":{"line":137,"column":11}},{"start":{},"end":{}}],"line":135},"15":{"loc":{"start":{"line":138,"column":10},"end":{"line":140,"column":11}},"type":"if","locations":[{"start":{"line":138,"column":10},"end":{"line":140,"column":11}},{"start":{},"end":{}}],"line":138},"16":{"loc":{"start":{"line":142,"column":8},"end":{"line":149,"column":9}},"type":"if","locations":[{"start":{"line":142,"column":8},"end":{"line":149,"column":9}},{"start":{},"end":{}}],"line":142},"17":{"loc":{"start":{"line":143,"column":10},"end":{"line":145,"column":11}},"type":"if","locations":[{"start":{"line":143,"column":10},"end":{"line":145,"column":11}},{"start":{},"end":{}}],"line":143},"18":{"loc":{"start":{"line":146,"column":10},"end":{"line":148,"column":11}},"type":"if","locations":[{"start":{"line":146,"column":10},"end":{"line":148,"column":11}},{"start":{},"end":{}}],"line":146},"19":{"loc":{"start":{"line":150,"column":8},"end":{"line":163,"column":9}},"type":"if","locations":[{"start":{"line":150,"column":8},"end":{"line":163,"column":9}},{"start":{},"end":{}}],"line":150},"20":{"loc":{"start":{"line":151,"column":10},"end":{"line":153,"column":11}},"type":"if","locations":[{"start":{"line":151,"column":10},"end":{"line":153,"column":11}},{"start":{},"end":{}}],"line":151},"21":{"loc":{"start":{"line":154,"column":10},"end":{"line":156,"column":11}},"type":"if","locations":[{"start":{"line":154,"column":10},"end":{"line":156,"column":11}},{"start":{},"end":{}}],"line":154},"22":{"loc":{"start":{"line":157,"column":10},"end":{"line":159,"column":11}},"type":"if","locations":[{"start":{"line":157,"column":10},"end":{"line":159,"column":11}},{"start":{},"end":{}}],"line":157},"23":{"loc":{"start":{"line":160,"column":10},"end":{"line":162,"column":11}},"type":"if","locations":[{"start":{"line":160,"column":10},"end":{"line":162,"column":11}},{"start":{},"end":{}}],"line":160},"24":{"loc":{"start":{"line":164,"column":8},"end":{"line":168,"column":9}},"type":"if","locations":[{"start":{"line":164,"column":8},"end":{"line":168,"column":9}},{"start":{},"end":{}}],"line":164},"25":{"loc":{"start":{"line":165,"column":10},"end":{"line":167,"column":11}},"type":"if","locations":[{"start":{"line":165,"column":10},"end":{"line":167,"column":11}},{"start":{},"end":{}}],"line":165},"26":{"loc":{"start":{"line":175,"column":6},"end":{"line":185,"column":7}},"type":"if","locations":[{"start":{"line":175,"column":6},"end":{"line":185,"column":7}},{"start":{},"end":{}}],"line":175},"27":{"loc":{"start":{"line":176,"column":8},"end":{"line":184,"column":9}},"type":"if","locations":[{"start":{"line":176,"column":8},"end":{"line":184,"column":9}},{"start":{"line":180,"column":15},"end":{"line":184,"column":9}}],"line":176},"28":{"loc":{"start":{"line":180,"column":15},"end":{"line":184,"column":9}},"type":"if","locations":[{"start":{"line":180,"column":15},"end":{"line":184,"column":9}},{"start":{},"end":{}}],"line":180},"29":{"loc":{"start":{"line":202,"column":6},"end":{"line":204,"column":7}},"type":"if","locations":[{"start":{"line":202,"column":6},"end":{"line":204,"column":7}},{"start":{},"end":{}}],"line":202},"30":{"loc":{"start":{"line":206,"column":6},"end":{"line":208,"column":7}},"type":"if","locations":[{"start":{"line":206,"column":6},"end":{"line":208,"column":7}},{"start":{},"end":{}}],"line":206}},"s":{"0":2,"1":2,"2":2,"3":3,"4":3,"5":3,"6":1,"7":2,"8":6,"9":6,"10":6,"11":6,"12":6,"13":6,"14":6,"15":6,"16":6,"17":6,"18":6,"19":6,"20":6,"21":6,"22":6,"23":6,"24":6,"25":6,"26":6,"27":6,"28":6,"29":6,"30":6,"31":6,"32":6,"33":6,"34":6,"35":6,"36":6,"37":6,"38":6,"39":6,"40":6,"41":0,"42":0,"43":0,"44":0,"45":6,"46":6,"47":6,"48":6,"49":0,"50":6,"51":0,"52":0,"53":0,"54":0,"55":0,"56":0,"57":0,"58":0,"59":6,"60":0,"61":0,"62":6,"63":6,"64":6,"65":4,"66":2,"67":1,"68":2,"69":2,"70":1,"71":6,"72":0,"73":2,"74":2,"75":2,"76":2,"77":1,"78":1,"79":0,"80":1,"81":1,"82":1,"83":2},"f":{"0":3,"1":6,"2":6,"3":1,"4":1,"5":2},"b":{"0":[6,3],"1":[6,0],"2":[6,0],"3":[6,0],"4":[6,0],"5":[6,0],"6":[6,0],"7":[6,0],"8":[6,0],"9":[6,0],"10":[6,0],"11":[6,0],"12":[6,0],"13":[0,6],"14":[0,0],"15":[0,0],"16":[6,0],"17":[6,0],"18":[0,6],"19":[0,6],"20":[0,0],"21":[0,0],"22":[0,0],"23":[0,0],"24":[0,6],"25":[0,0],"26":[4,2],"27":[2,2],"28":[2,0],"29":[1,1],"30":[0,1]},"_coverageSchema":"1a1c01bbd47fc00a2c39e90264f33305004495a9","hash":"9c271cd106d14f8c10f6cf850876b8b3bdac8822"}
,"/Users/margeryolethea/Library/CloudStorage/GoogleDrive-margeryolethea@gmail.com/My Drive/BOOTCAMP/PHASE 3/12. LACTALINK - Final Project/Lactalink/server/controllers/UserController.js": {"path":"/Users/margeryolethea/Library/CloudStorage/GoogleDrive-margeryolethea@gmail.com/My Drive/BOOTCAMP/PHASE 3/12. LACTALINK - Final Project/Lactalink/server/controllers/UserController.js","statementMap":{"0":{"start":{"line":1,"column":13},"end":{"line":1,"column":38}},"1":{"start":{"line":2,"column":19},"end":{"line":2,"column":50}},"2":{"start":{"line":3,"column":21},"end":{"line":3,"column":39}},"3":{"start":{"line":4,"column":28},"end":{"line":4,"column":54}},"4":{"start":{"line":5,"column":24},"end":{"line":5,"column":51}},"5":{"start":{"line":6,"column":26},"end":{"line":6,"column":53}},"6":{"start":{"line":11,"column":4},"end":{"line":18,"column":5}},"7":{"start":{"line":13,"column":19},"end":{"line":13,"column":71}},"8":{"start":{"line":15,"column":6},"end":{"line":15,"column":33}},"9":{"start":{"line":17,"column":6},"end":{"line":17,"column":18}},"10":{"start":{"line":22,"column":4},"end":{"line":41,"column":5}},"11":{"start":{"line":23,"column":20},"end":{"line":23,"column":60}},"12":{"start":{"line":25,"column":19},"end":{"line":25,"column":23}},"13":{"start":{"line":26,"column":6},"end":{"line":33,"column":7}},"14":{"start":{"line":27,"column":8},"end":{"line":32,"column":10}},"15":{"start":{"line":35,"column":6},"end":{"line":38,"column":9}},"16":{"start":{"line":40,"column":6},"end":{"line":40,"column":18}},"17":{"start":{"line":45,"column":4},"end":{"line":60,"column":5}},"18":{"start":{"line":46,"column":19},"end":{"line":53,"column":7}},"19":{"start":{"line":55,"column":22},"end":{"line":55,"column":63}},"20":{"start":{"line":56,"column":6},"end":{"line":56,"column":30}},"21":{"start":{"line":57,"column":6},"end":{"line":57,"column":65}},"22":{"start":{"line":59,"column":6},"end":{"line":59,"column":18}},"23":{"start":{"line":64,"column":4},"end":{"line":103,"column":5}},"24":{"start":{"line":65,"column":20},"end":{"line":65,"column":48}},"25":{"start":{"line":66,"column":23},"end":{"line":66,"column":40}},"26":{"start":{"line":68,"column":6},"end":{"line":68,"column":53}},"27":{"start":{"line":70,"column":6},"end":{"line":72,"column":7}},"28":{"start":{"line":71,"column":8},"end":{"line":71,"column":47}},"29":{"start":{"line":74,"column":24},"end":{"line":74,"column":53}},"30":{"start":{"line":76,"column":6},"end":{"line":76,"column":59}},"31":{"start":{"line":78,"column":6},"end":{"line":80,"column":7}},"32":{"start":{"line":79,"column":8},"end":{"line":79,"column":47}},"33":{"start":{"line":81,"column":6},"end":{"line":83,"column":7}},"34":{"start":{"line":82,"column":8},"end":{"line":82,"column":47}},"35":{"start":{"line":86,"column":22},"end":{"line":93,"column":7}},"36":{"start":{"line":95,"column":27},"end":{"line":95,"column":47}},"37":{"start":{"line":97,"column":6},"end":{"line":100,"column":9}},"38":{"start":{"line":102,"column":6},"end":{"line":102,"column":18}},"39":{"start":{"line":107,"column":4},"end":{"line":157,"column":5}},"40":{"start":{"line":124,"column":10},"end":{"line":124,"column":18}},"41":{"start":{"line":125,"column":19},"end":{"line":142,"column":7}},"42":{"start":{"line":144,"column":32},"end":{"line":144,"column":61}},"43":{"start":{"line":146,"column":6},"end":{"line":149,"column":8}},"44":{"start":{"line":151,"column":6},"end":{"line":154,"column":9}},"45":{"start":{"line":156,"column":6},"end":{"line":156,"column":18}},"46":{"start":{"line":161,"column":4},"end":{"line":193,"column":5}},"47":{"start":{"line":162,"column":18},"end":{"line":186,"column":7}},"48":{"start":{"line":188,"column":30},"end":{"line":188,"column":61}},"49":{"start":{"line":190,"column":6},"end":{"line":190,"column":57}},"50":{"start":{"line":192,"column":6},"end":{"line":192,"column":18}},"51":{"start":{"line":197,"column":4},"end":{"line":244,"column":5}},"52":{"start":{"line":214,"column":10},"end":{"line":214,"column":18}},"53":{"start":{"line":215,"column":19},"end":{"line":231,"column":7}},"54":{"start":{"line":233,"column":32},"end":{"line":236,"column":7}},"55":{"start":{"line":238,"column":6},"end":{"line":241,"column":9}},"56":{"start":{"line":243,"column":6},"end":{"line":243,"column":18}},"57":{"start":{"line":248,"column":0},"end":{"line":248,"column":32}}},"fnMap":{"0":{"name":"(anonymous_0)","decl":{"start":{"line":10,"column":2},"end":{"line":10,"column":3}},"loc":{"start":{"line":10,"column":43},"end":{"line":19,"column":3}},"line":10},"1":{"name":"(anonymous_1)","decl":{"start":{"line":21,"column":2},"end":{"line":21,"column":3}},"loc":{"start":{"line":21,"column":43},"end":{"line":42,"column":3}},"line":21},"2":{"name":"(anonymous_2)","decl":{"start":{"line":44,"column":2},"end":{"line":44,"column":3}},"loc":{"start":{"line":44,"column":40},"end":{"line":61,"column":3}},"line":44},"3":{"name":"(anonymous_3)","decl":{"start":{"line":63,"column":2},"end":{"line":63,"column":3}},"loc":{"start":{"line":63,"column":37},"end":{"line":104,"column":3}},"line":63},"4":{"name":"(anonymous_4)","decl":{"start":{"line":106,"column":2},"end":{"line":106,"column":3}},"loc":{"start":{"line":106,"column":48},"end":{"line":158,"column":3}},"line":106},"5":{"name":"(anonymous_5)","decl":{"start":{"line":160,"column":2},"end":{"line":160,"column":3}},"loc":{"start":{"line":160,"column":50},"end":{"line":194,"column":3}},"line":160},"6":{"name":"(anonymous_6)","decl":{"start":{"line":196,"column":2},"end":{"line":196,"column":3}},"loc":{"start":{"line":196,"column":51},"end":{"line":245,"column":3}},"line":196}},"branchMap":{"0":{"loc":{"start":{"line":26,"column":6},"end":{"line":33,"column":7}},"type":"if","locations":[{"start":{"line":26,"column":6},"end":{"line":33,"column":7}},{"start":{},"end":{}}],"line":26},"1":{"loc":{"start":{"line":70,"column":6},"end":{"line":72,"column":7}},"type":"if","locations":[{"start":{"line":70,"column":6},"end":{"line":72,"column":7}},{"start":{},"end":{}}],"line":70},"2":{"loc":{"start":{"line":70,"column":10},"end":{"line":70,"column":29}},"type":"binary-expr","locations":[{"start":{"line":70,"column":10},"end":{"line":70,"column":16}},{"start":{"line":70,"column":20},"end":{"line":70,"column":29}}],"line":70},"3":{"loc":{"start":{"line":78,"column":6},"end":{"line":80,"column":7}},"type":"if","locations":[{"start":{"line":78,"column":6},"end":{"line":80,"column":7}},{"start":{},"end":{}}],"line":78},"4":{"loc":{"start":{"line":81,"column":6},"end":{"line":83,"column":7}},"type":"if","locations":[{"start":{"line":81,"column":6},"end":{"line":83,"column":7}},{"start":{},"end":{}}],"line":81}},"s":{"0":2,"1":2,"2":2,"3":2,"4":2,"5":2,"6":1,"7":1,"8":1,"9":0,"10":1,"11":1,"12":1,"13":1,"14":1,"15":1,"16":0,"17":5,"18":5,"19":5,"20":5,"21":1,"22":4,"23":5,"24":5,"25":5,"26":5,"27":5,"28":2,"29":3,"30":3,"31":3,"32":1,"33":2,"34":1,"35":1,"36":1,"37":1,"38":4,"39":0,"40":0,"41":0,"42":0,"43":0,"44":0,"45":0,"46":0,"47":0,"48":0,"49":0,"50":0,"51":0,"52":0,"53":0,"54":0,"55":0,"56":0,"57":2},"f":{"0":1,"1":1,"2":5,"3":5,"4":0,"5":0,"6":0},"b":{"0":[1,0],"1":[2,3],"2":[5,4],"3":[1,2],"4":[1,1]},"_coverageSchema":"1a1c01bbd47fc00a2c39e90264f33305004495a9","hash":"1ade7ca4ebe6164f49efa0485c3a75a593a7d26b"}
,"/Users/margeryolethea/Library/CloudStorage/GoogleDrive-margeryolethea@gmail.com/My Drive/BOOTCAMP/PHASE 3/12. LACTALINK - Final Project/Lactalink/server/middlewares/authentication.js": {"path":"/Users/margeryolethea/Library/CloudStorage/GoogleDrive-margeryolethea@gmail.com/My Drive/BOOTCAMP/PHASE 3/12. LACTALINK - Final Project/Lactalink/server/middlewares/authentication.js","statementMap":{"0":{"start":{"line":1,"column":21},"end":{"line":1,"column":39}},"1":{"start":{"line":2,"column":24},"end":{"line":2,"column":51}},"2":{"start":{"line":4,"column":23},"end":{"line":22,"column":1}},"3":{"start":{"line":5,"column":2},"end":{"line":21,"column":3}},"4":{"start":{"line":6,"column":25},"end":{"line":6,"column":67}},"5":{"start":{"line":8,"column":4},"end":{"line":10,"column":5}},"6":{"start":{"line":9,"column":6},"end":{"line":9,"column":36}},"7":{"start":{"line":12,"column":20},"end":{"line":12,"column":45}},"8":{"start":{"line":16,"column":4},"end":{"line":16,"column":72}},"9":{"start":{"line":18,"column":4},"end":{"line":18,"column":10}},"10":{"start":{"line":20,"column":4},"end":{"line":20,"column":15}},"11":{"start":{"line":24,"column":0},"end":{"line":24,"column":31}}},"fnMap":{"0":{"name":"(anonymous_0)","decl":{"start":{"line":4,"column":23},"end":{"line":4,"column":24}},"loc":{"start":{"line":4,"column":43},"end":{"line":22,"column":1}},"line":4}},"branchMap":{"0":{"loc":{"start":{"line":8,"column":4},"end":{"line":10,"column":5}},"type":"if","locations":[{"start":{"line":8,"column":4},"end":{"line":10,"column":5}},{"start":{},"end":{}}],"line":8}},"s":{"0":2,"1":2,"2":2,"3":29,"4":29,"5":29,"6":3,"7":26,"8":24,"9":24,"10":5,"11":2},"f":{"0":29},"b":{"0":[3,26]},"_coverageSchema":"1a1c01bbd47fc00a2c39e90264f33305004495a9","hash":"4a878d3f8937db8ba510733173537ab326351804"}
,"/Users/margeryolethea/Library/CloudStorage/GoogleDrive-margeryolethea@gmail.com/My Drive/BOOTCAMP/PHASE 3/12. LACTALINK - Final Project/Lactalink/server/middlewares/errorHandler.js": {"path":"/Users/margeryolethea/Library/CloudStorage/GoogleDrive-margeryolethea@gmail.com/My Drive/BOOTCAMP/PHASE 3/12. LACTALINK - Final Project/Lactalink/server/middlewares/errorHandler.js","statementMap":{"0":{"start":{"line":1,"column":21},"end":{"line":49,"column":1}},"1":{"start":{"line":2,"column":2},"end":{"line":2,"column":50}},"2":{"start":{"line":3,"column":15},"end":{"line":3,"column":18}},"3":{"start":{"line":4,"column":16},"end":{"line":4,"column":39}},"4":{"start":{"line":6,"column":2},"end":{"line":11,"column":3}},"5":{"start":{"line":7,"column":4},"end":{"line":7,"column":17}},"6":{"start":{"line":8,"column":4},"end":{"line":10,"column":7}},"7":{"start":{"line":9,"column":6},"end":{"line":9,"column":70}},"8":{"start":{"line":13,"column":2},"end":{"line":16,"column":3}},"9":{"start":{"line":14,"column":4},"end":{"line":14,"column":17}},"10":{"start":{"line":15,"column":4},"end":{"line":15,"column":72}},"11":{"start":{"line":18,"column":2},"end":{"line":21,"column":3}},"12":{"start":{"line":19,"column":4},"end":{"line":19,"column":17}},"13":{"start":{"line":20,"column":4},"end":{"line":20,"column":43}},"14":{"start":{"line":23,"column":2},"end":{"line":26,"column":3}},"15":{"start":{"line":24,"column":4},"end":{"line":24,"column":17}},"16":{"start":{"line":25,"column":4},"end":{"line":25,"column":39}},"17":{"start":{"line":28,"column":2},"end":{"line":31,"column":3}},"18":{"start":{"line":29,"column":4},"end":{"line":29,"column":17}},"19":{"start":{"line":30,"column":4},"end":{"line":30,"column":37}},"20":{"start":{"line":33,"column":2},"end":{"line":36,"column":3}},"21":{"start":{"line":34,"column":4},"end":{"line":34,"column":17}},"22":{"start":{"line":35,"column":4},"end":{"line":35,"column":29}},"23":{"start":{"line":38,"column":2},"end":{"line":41,"column":3}},"24":{"start":{"line":39,"column":4},"end":{"line":39,"column":17}},"25":{"start":{"line":40,"column":4},"end":{"line":40,"column":26}},"26":{"start":{"line":43,"column":2},"end":{"line":46,"column":3}},"27":{"start":{"line":44,"column":4},"end":{"line":44,"column":17}},"28":{"start":{"line":45,"column":4},"end":{"line":45,"column":34}},"29":{"start":{"line":48,"column":2},"end":{"line":48,"column":39}},"30":{"start":{"line":51,"column":0},"end":{"line":51,"column":30}}},"fnMap":{"0":{"name":"(anonymous_0)","decl":{"start":{"line":1,"column":21},"end":{"line":1,"column":22}},"loc":{"start":{"line":1,"column":48},"end":{"line":49,"column":1}},"line":1},"1":{"name":"(anonymous_1)","decl":{"start":{"line":8,"column":38},"end":{"line":8,"column":39}},"loc":{"start":{"line":8,"column":47},"end":{"line":10,"column":5}},"line":8}},"branchMap":{"0":{"loc":{"start":{"line":6,"column":2},"end":{"line":11,"column":3}},"type":"if","locations":[{"start":{"line":6,"column":2},"end":{"line":11,"column":3}},{"start":{},"end":{}}],"line":6},"1":{"loc":{"start":{"line":13,"column":2},"end":{"line":16,"column":3}},"type":"if","locations":[{"start":{"line":13,"column":2},"end":{"line":16,"column":3}},{"start":{},"end":{}}],"line":13},"2":{"loc":{"start":{"line":13,"column":6},"end":{"line":13,"column":61}},"type":"binary-expr","locations":[{"start":{"line":13,"column":6},"end":{"line":13,"column":38}},{"start":{"line":13,"column":42},"end":{"line":13,"column":61}}],"line":13},"3":{"loc":{"start":{"line":18,"column":2},"end":{"line":21,"column":3}},"type":"if","locations":[{"start":{"line":18,"column":2},"end":{"line":21,"column":3}},{"start":{},"end":{}}],"line":18},"4":{"loc":{"start":{"line":23,"column":2},"end":{"line":26,"column":3}},"type":"if","locations":[{"start":{"line":23,"column":2},"end":{"line":26,"column":3}},{"start":{},"end":{}}],"line":23},"5":{"loc":{"start":{"line":28,"column":2},"end":{"line":31,"column":3}},"type":"if","locations":[{"start":{"line":28,"column":2},"end":{"line":31,"column":3}},{"start":{},"end":{}}],"line":28},"6":{"loc":{"start":{"line":33,"column":2},"end":{"line":36,"column":3}},"type":"if","locations":[{"start":{"line":33,"column":2},"end":{"line":36,"column":3}},{"start":{},"end":{}}],"line":33},"7":{"loc":{"start":{"line":38,"column":2},"end":{"line":41,"column":3}},"type":"if","locations":[{"start":{"line":38,"column":2},"end":{"line":41,"column":3}},{"start":{},"end":{}}],"line":38},"8":{"loc":{"start":{"line":43,"column":2},"end":{"line":46,"column":3}},"type":"if","locations":[{"start":{"line":43,"column":2},"end":{"line":46,"column":3}},{"start":{},"end":{}}],"line":43}},"s":{"0":2,"1":16,"2":16,"3":16,"4":16,"5":5,"6":5,"7":5,"8":16,"9":1,"10":1,"11":16,"12":2,"13":2,"14":16,"15":2,"16":2,"17":16,"18":2,"19":2,"20":16,"21":3,"22":3,"23":16,"24":0,"25":0,"26":16,"27":1,"28":1,"29":16,"30":2},"f":{"0":16,"1":5},"b":{"0":[5,11],"1":[1,15],"2":[16,1],"3":[2,14],"4":[2,14],"5":[2,14],"6":[3,13],"7":[0,16],"8":[1,15]},"_coverageSchema":"1a1c01bbd47fc00a2c39e90264f33305004495a9","hash":"3200ecfab6bf286e5093b6c44039b330cfa78b2d"}
,"/Users/margeryolethea/Library/CloudStorage/GoogleDrive-margeryolethea@gmail.com/My Drive/BOOTCAMP/PHASE 3/12. LACTALINK - Final Project/Lactalink/server/models/milk.js": {"path":"/Users/margeryolethea/Library/CloudStorage/GoogleDrive-margeryolethea@gmail.com/My Drive/BOOTCAMP/PHASE 3/12. LACTALINK - Final Project/Lactalink/server/models/milk.js","statementMap":{"0":{"start":{"line":1,"column":21},"end":{"line":1,"column":39}},"1":{"start":{"line":2,"column":17},"end":{"line":2,"column":36}},"2":{"start":{"line":4,"column":19},"end":{"line":31,"column":2}},"3":{"start":{"line":33,"column":0},"end":{"line":33,"column":52}}},"fnMap":{},"branchMap":{},"s":{"0":2,"1":2,"2":2,"3":2},"f":{},"b":{},"_coverageSchema":"1a1c01bbd47fc00a2c39e90264f33305004495a9","hash":"12873cb0ad2700c004dd9a992e45910680630d3a"}
,"/Users/margeryolethea/Library/CloudStorage/GoogleDrive-margeryolethea@gmail.com/My Drive/BOOTCAMP/PHASE 3/12. LACTALINK - Final Project/Lactalink/server/models/user.js": {"path":"/Users/margeryolethea/Library/CloudStorage/GoogleDrive-margeryolethea@gmail.com/My Drive/BOOTCAMP/PHASE 3/12. LACTALINK - Final Project/Lactalink/server/models/user.js","statementMap":{"0":{"start":{"line":1,"column":17},"end":{"line":1,"column":36}},"1":{"start":{"line":2,"column":25},"end":{"line":2,"column":51}},"2":{"start":{"line":4,"column":19},"end":{"line":35,"column":2}},"3":{"start":{"line":38,"column":0},"end":{"line":42,"column":3}},"4":{"start":{"line":39,"column":2},"end":{"line":39,"column":40}},"5":{"start":{"line":40,"column":2},"end":{"line":40,"column":45}},"6":{"start":{"line":41,"column":2},"end":{"line":41,"column":9}},"7":{"start":{"line":44,"column":0},"end":{"line":44,"column":52}}},"fnMap":{"0":{"name":"(anonymous_0)","decl":{"start":{"line":38,"column":23},"end":{"line":38,"column":24}},"loc":{"start":{"line":38,"column":39},"end":{"line":42,"column":1}},"line":38}},"branchMap":{},"s":{"0":2,"1":2,"2":2,"3":2,"4":3,"5":3,"6":3,"7":2},"f":{"0":3},"b":{},"_coverageSchema":"1a1c01bbd47fc00a2c39e90264f33305004495a9","hash":"f12552177f18f547c35e07a32e4fd2ca38dd32b2"}
,"/Users/margeryolethea/Library/CloudStorage/GoogleDrive-margeryolethea@gmail.com/My Drive/BOOTCAMP/PHASE 3/12. LACTALINK - Final Project/Lactalink/server/models/userDetail.js": {"path":"/Users/margeryolethea/Library/CloudStorage/GoogleDrive-margeryolethea@gmail.com/My Drive/BOOTCAMP/PHASE 3/12. LACTALINK - Final Project/Lactalink/server/models/userDetail.js","statementMap":{"0":{"start":{"line":1,"column":21},"end":{"line":1,"column":39}},"1":{"start":{"line":2,"column":17},"end":{"line":2,"column":36}},"2":{"start":{"line":4,"column":19},"end":{"line":69,"column":2}},"3":{"start":{"line":71,"column":0},"end":{"line":71,"column":58}}},"fnMap":{},"branchMap":{},"s":{"0":2,"1":2,"2":2,"3":2},"f":{},"b":{},"_coverageSchema":"1a1c01bbd47fc00a2c39e90264f33305004495a9","hash":"94168ae3b4024e60be4a8370420c563d29beb2b9"}
,"/Users/margeryolethea/Library/CloudStorage/GoogleDrive-margeryolethea@gmail.com/My Drive/BOOTCAMP/PHASE 3/12. LACTALINK - Final Project/Lactalink/server/routers/index.js": {"path":"/Users/margeryolethea/Library/CloudStorage/GoogleDrive-margeryolethea@gmail.com/My Drive/BOOTCAMP/PHASE 3/12. LACTALINK - Final Project/Lactalink/server/routers/index.js","statementMap":{"0":{"start":{"line":1,"column":16},"end":{"line":1,"column":34}},"1":{"start":{"line":2,"column":15},"end":{"line":2,"column":31}},"2":{"start":{"line":3,"column":14},"end":{"line":3,"column":32}},"3":{"start":{"line":4,"column":14},"end":{"line":4,"column":32}},"4":{"start":{"line":10,"column":4},"end":{"line":10,"column":44}},"5":{"start":{"line":11,"column":23},"end":{"line":11,"column":63}},"6":{"start":{"line":13,"column":15},"end":{"line":13,"column":41}},"7":{"start":{"line":14,"column":25},"end":{"line":14,"column":46}},"8":{"start":{"line":16,"column":0},"end":{"line":16,"column":64}},"9":{"start":{"line":17,"column":0},"end":{"line":17,"column":39}},"10":{"start":{"line":18,"column":0},"end":{"line":18,"column":29}},"11":{"start":{"line":20,"column":0},"end":{"line":20,"column":27}},"12":{"start":{"line":22,"column":0},"end":{"line":22,"column":27}},"13":{"start":{"line":23,"column":0},"end":{"line":23,"column":28}},"14":{"start":{"line":24,"column":0},"end":{"line":24,"column":28}},"15":{"start":{"line":26,"column":0},"end":{"line":26,"column":24}}},"fnMap":{},"branchMap":{},"s":{"0":2,"1":2,"2":2,"3":2,"4":2,"5":2,"6":2,"7":2,"8":2,"9":2,"10":2,"11":2,"12":2,"13":2,"14":2,"15":2},"f":{},"b":{},"_coverageSchema":"1a1c01bbd47fc00a2c39e90264f33305004495a9","hash":"252a2ea317234fa7e0eee096a69ad7939868f9c3"}
,"/Users/margeryolethea/Library/CloudStorage/GoogleDrive-margeryolethea@gmail.com/My Drive/BOOTCAMP/PHASE 3/12. LACTALINK - Final Project/Lactalink/server/routers/milks.js": {"path":"/Users/margeryolethea/Library/CloudStorage/GoogleDrive-margeryolethea@gmail.com/My Drive/BOOTCAMP/PHASE 3/12. LACTALINK - Final Project/Lactalink/server/routers/milks.js","statementMap":{"0":{"start":{"line":1,"column":16},"end":{"line":1,"column":34}},"1":{"start":{"line":6,"column":4},"end":{"line":6,"column":44}},"2":{"start":{"line":7,"column":15},"end":{"line":7,"column":31}},"3":{"start":{"line":9,"column":0},"end":{"line":9,"column":29}},"4":{"start":{"line":10,"column":0},"end":{"line":10,"column":25}},"5":{"start":{"line":11,"column":0},"end":{"line":11,"column":34}},"6":{"start":{"line":13,"column":0},"end":{"line":13,"column":24}}},"fnMap":{},"branchMap":{},"s":{"0":2,"1":2,"2":2,"3":2,"4":2,"5":2,"6":2},"f":{},"b":{},"_coverageSchema":"1a1c01bbd47fc00a2c39e90264f33305004495a9","hash":"e0e85c3f5fa1e23ec9d4c0115ebc6c86892ffb55"}
,"/Users/margeryolethea/Library/CloudStorage/GoogleDrive-margeryolethea@gmail.com/My Drive/BOOTCAMP/PHASE 3/12. LACTALINK - Final Project/Lactalink/server/routers/users.js": {"path":"/Users/margeryolethea/Library/CloudStorage/GoogleDrive-margeryolethea@gmail.com/My Drive/BOOTCAMP/PHASE 3/12. LACTALINK - Final Project/Lactalink/server/routers/users.js","statementMap":{"0":{"start":{"line":1,"column":16},"end":{"line":1,"column":34}},"1":{"start":{"line":7,"column":4},"end":{"line":7,"column":44}},"2":{"start":{"line":8,"column":15},"end":{"line":8,"column":31}},"3":{"start":{"line":10,"column":0},"end":{"line":10,"column":29}},"4":{"start":{"line":12,"column":0},"end":{"line":12,"column":41}},"5":{"start":{"line":13,"column":0},"end":{"line":13,"column":42}},"6":{"start":{"line":14,"column":0},"end":{"line":14,"column":43}},"7":{"start":{"line":16,"column":0},"end":{"line":16,"column":24}}},"fnMap":{},"branchMap":{},"s":{"0":2,"1":2,"2":2,"3":2,"4":2,"5":2,"6":2,"7":2},"f":{},"b":{},"_coverageSchema":"1a1c01bbd47fc00a2c39e90264f33305004495a9","hash":"817aca280b1dfd268fd7951f203445c1c8842e2e"}
,"/Users/margeryolethea/Library/CloudStorage/GoogleDrive-margeryolethea@gmail.com/My Drive/BOOTCAMP/PHASE 3/12. LACTALINK - Final Project/Lactalink/server/utils/bcrypt.js": {"path":"/Users/margeryolethea/Library/CloudStorage/GoogleDrive-margeryolethea@gmail.com/My Drive/BOOTCAMP/PHASE 3/12. LACTALINK - Final Project/Lactalink/server/utils/bcrypt.js","statementMap":{"0":{"start":{"line":1,"column":15},"end":{"line":1,"column":34}},"1":{"start":{"line":3,"column":21},"end":{"line":5,"column":1}},"2":{"start":{"line":4,"column":2},"end":{"line":4,"column":34}},"3":{"start":{"line":7,"column":24},"end":{"line":9,"column":1}},"4":{"start":{"line":8,"column":2},"end":{"line":8,"column":53}},"5":{"start":{"line":12,"column":0},"end":{"line":12,"column":50}}},"fnMap":{"0":{"name":"(anonymous_0)","decl":{"start":{"line":3,"column":21},"end":{"line":3,"column":22}},"loc":{"start":{"line":3,"column":35},"end":{"line":5,"column":1}},"line":3},"1":{"name":"(anonymous_1)","decl":{"start":{"line":7,"column":24},"end":{"line":7,"column":25}},"loc":{"start":{"line":7,"column":54},"end":{"line":9,"column":1}},"line":7}},"branchMap":{},"s":{"0":2,"1":2,"2":3,"3":2,"4":2,"5":2},"f":{"0":3,"1":2},"b":{},"_coverageSchema":"1a1c01bbd47fc00a2c39e90264f33305004495a9","hash":"f690c0903c3af5b1a2b945ffad30aa86f8d5e192"}
,"/Users/margeryolethea/Library/CloudStorage/GoogleDrive-margeryolethea@gmail.com/My Drive/BOOTCAMP/PHASE 3/12. LACTALINK - Final Project/Lactalink/server/utils/gvision.js": {"path":"/Users/margeryolethea/Library/CloudStorage/GoogleDrive-margeryolethea@gmail.com/My Drive/BOOTCAMP/PHASE 3/12. LACTALINK - Final Project/Lactalink/server/utils/gvision.js","statementMap":{"0":{"start":{"line":1,"column":15},"end":{"line":1,"column":46}},"1":{"start":{"line":3,"column":15},"end":{"line":8,"column":1}},"2":{"start":{"line":10,"column":15},"end":{"line":10,"column":54}},"3":{"start":{"line":12,"column":26},"end":{"line":22,"column":1}},"4":{"start":{"line":13,"column":19},"end":{"line":13,"column":51}},"5":{"start":{"line":16,"column":2},"end":{"line":20,"column":5}},"6":{"start":{"line":17,"column":4},"end":{"line":19,"column":5}},"7":{"start":{"line":18,"column":6},"end":{"line":18,"column":30}},"8":{"start":{"line":21,"column":2},"end":{"line":21,"column":16}},"9":{"start":{"line":24,"column":0},"end":{"line":24,"column":35}}},"fnMap":{"0":{"name":"(anonymous_0)","decl":{"start":{"line":12,"column":26},"end":{"line":12,"column":27}},"loc":{"start":{"line":12,"column":42},"end":{"line":22,"column":1}},"line":12},"1":{"name":"(anonymous_1)","decl":{"start":{"line":16,"column":36},"end":{"line":16,"column":37}},"loc":{"start":{"line":16,"column":44},"end":{"line":20,"column":3}},"line":16}},"branchMap":{"0":{"loc":{"start":{"line":17,"column":4},"end":{"line":19,"column":5}},"type":"if","locations":[{"start":{"line":17,"column":4},"end":{"line":19,"column":5}},{"start":{},"end":{}}],"line":17},"1":{"loc":{"start":{"line":17,"column":8},"end":{"line":17,"column":63}},"type":"binary-expr","locations":[{"start":{"line":17,"column":8},"end":{"line":17,"column":31}},{"start":{"line":17,"column":35},"end":{"line":17,"column":63}}],"line":17}},"s":{"0":2,"1":2,"2":2,"3":2,"4":1,"5":1,"6":78,"7":1,"8":1,"9":2},"f":{"0":1,"1":78},"b":{"0":[1,77],"1":[78,2]},"_coverageSchema":"1a1c01bbd47fc00a2c39e90264f33305004495a9","hash":"cd9165372e5b07b31ea5efbf7389ec35d78fc339"}
,"/Users/margeryolethea/Library/CloudStorage/GoogleDrive-margeryolethea@gmail.com/My Drive/BOOTCAMP/PHASE 3/12. LACTALINK - Final Project/Lactalink/server/utils/jwtoken.js": {"path":"/Users/margeryolethea/Library/CloudStorage/GoogleDrive-margeryolethea@gmail.com/My Drive/BOOTCAMP/PHASE 3/12. LACTALINK - Final Project/Lactalink/server/utils/jwtoken.js","statementMap":{"0":{"start":{"line":1,"column":12},"end":{"line":1,"column":35}},"1":{"start":{"line":3,"column":19},"end":{"line":3,"column":46}},"2":{"start":{"line":5,"column":20},"end":{"line":7,"column":1}},"3":{"start":{"line":6,"column":2},"end":{"line":6,"column":37}},"4":{"start":{"line":9,"column":20},"end":{"line":11,"column":1}},"5":{"start":{"line":10,"column":2},"end":{"line":10,"column":38}},"6":{"start":{"line":13,"column":0},"end":{"line":13,"column":45}}},"fnMap":{"0":{"name":"(anonymous_0)","decl":{"start":{"line":5,"column":20},"end":{"line":5,"column":21}},"loc":{"start":{"line":5,"column":32},"end":{"line":7,"column":1}},"line":5},"1":{"name":"(anonymous_1)","decl":{"start":{"line":9,"column":20},"end":{"line":9,"column":21}},"loc":{"start":{"line":9,"column":31},"end":{"line":11,"column":1}},"line":9}},"branchMap":{},"s":{"0":2,"1":2,"2":2,"3":3,"4":2,"5":26,"6":2},"f":{"0":3,"1":26},"b":{},"_coverageSchema":"1a1c01bbd47fc00a2c39e90264f33305004495a9","hash":"7c868aa57992bbbc3465daf7968cc7a28ca6ef10"}
,"/Users/margeryolethea/Library/CloudStorage/GoogleDrive-margeryolethea@gmail.com/My Drive/BOOTCAMP/PHASE 3/12. LACTALINK - Final Project/Lactalink/server/utils/multer.js": {"path":"/Users/margeryolethea/Library/CloudStorage/GoogleDrive-margeryolethea@gmail.com/My Drive/BOOTCAMP/PHASE 3/12. LACTALINK - Final Project/Lactalink/server/utils/multer.js","statementMap":{"0":{"start":{"line":1,"column":15},"end":{"line":1,"column":32}},"1":{"start":{"line":2,"column":16},"end":{"line":2,"column":38}},"2":{"start":{"line":3,"column":15},"end":{"line":3,"column":43}},"3":{"start":{"line":5,"column":0},"end":{"line":5,"column":23}}},"fnMap":{},"branchMap":{},"s":{"0":2,"1":2,"2":2,"3":2},"f":{},"b":{},"_coverageSchema":"1a1c01bbd47fc00a2c39e90264f33305004495a9","hash":"169f2a588e90c2ca8227355262cf5d7775f6e9ab"}
}
