TN:
SF:app.js
FNF:0
FNH:0
DA:1,2
DA:2,2
DA:6,2
DA:7,2
DA:8,2
DA:9,2
DA:11,2
DA:13,2
DA:15,2
DA:16,2
DA:19,2
DA:20,2
DA:22,2
LF:13
LH:13
BRDA:1,0,0,2
BRDA:1,0,1,0
BRF:2
BRH:1
end_of_record
TN:
SF:controllers/MilkController.js
FN:6,(anonymous_0)
FN:28,(anonymous_1)
FN:95,(anonymous_2)
FN:177,(anonymous_3)
FN:181,(anonymous_4)
FN:196,(anonymous_5)
FNF:6
FNH:6
FNDA:3,(anonymous_0)
FNDA:6,(anonymous_1)
FNDA:6,(anonymous_2)
FNDA:1,(anonymous_3)
FNDA:1,(anonymous_4)
FNDA:2,(anonymous_5)
DA:1,2
DA:2,2
DA:3,2
DA:7,3
DA:8,3
DA:12,3
DA:19,1
DA:24,2
DA:46,6
DA:47,6
DA:48,6
DA:50,6
DA:89,6
DA:91,6
DA:95,6
DA:96,6
DA:97,6
DA:98,6
DA:100,6
DA:101,6
DA:103,6
DA:104,6
DA:106,6
DA:107,6
DA:109,6
DA:110,6
DA:112,6
DA:113,6
DA:115,6
DA:116,6
DA:118,6
DA:119,6
DA:121,6
DA:122,6
DA:124,6
DA:125,6
DA:127,6
DA:128,6
DA:130,6
DA:131,6
DA:134,6
DA:135,0
DA:136,0
DA:138,0
DA:139,0
DA:142,6
DA:143,6
DA:144,6
DA:146,6
DA:147,0
DA:150,6
DA:151,0
DA:152,0
DA:154,0
DA:155,0
DA:157,0
DA:158,0
DA:160,0
DA:161,0
DA:164,6
DA:165,0
DA:166,0
DA:170,6
DA:172,6
DA:175,6
DA:176,4
DA:177,2
DA:178,1
DA:180,2
DA:181,2
DA:182,1
DA:187,6
DA:192,0
DA:197,2
DA:198,2
DA:200,2
DA:202,2
DA:203,1
DA:206,1
DA:207,0
DA:210,1
DA:212,1
DA:217,1
DA:222,2
LF:84
LH:67
BRDA:84,0,0,6
BRDA:84,0,1,3
BRDA:97,1,0,6
BRDA:97,1,1,0
BRDA:100,2,0,6
BRDA:100,2,1,0
BRDA:103,3,0,6
BRDA:103,3,1,0
BRDA:106,4,0,6
BRDA:106,4,1,0
BRDA:109,5,0,6
BRDA:109,5,1,0
BRDA:112,6,0,6
BRDA:112,6,1,0
BRDA:115,7,0,6
BRDA:115,7,1,0
BRDA:118,8,0,6
BRDA:118,8,1,0
BRDA:121,9,0,6
BRDA:121,9,1,0
BRDA:124,10,0,6
BRDA:124,10,1,0
BRDA:127,11,0,6
BRDA:127,11,1,0
BRDA:130,12,0,6
BRDA:130,12,1,0
BRDA:134,13,0,0
BRDA:134,13,1,6
BRDA:135,14,0,0
BRDA:135,14,1,0
BRDA:138,15,0,0
BRDA:138,15,1,0
BRDA:142,16,0,6
BRDA:142,16,1,0
BRDA:143,17,0,6
BRDA:143,17,1,0
BRDA:146,18,0,0
BRDA:146,18,1,6
BRDA:150,19,0,0
BRDA:150,19,1,6
BRDA:151,20,0,0
BRDA:151,20,1,0
BRDA:154,21,0,0
BRDA:154,21,1,0
BRDA:157,22,0,0
BRDA:157,22,1,0
BRDA:160,23,0,0
BRDA:160,23,1,0
BRDA:164,24,0,0
BRDA:164,24,1,6
BRDA:165,25,0,0
BRDA:165,25,1,0
BRDA:175,26,0,4
BRDA:175,26,1,2
BRDA:176,27,0,2
BRDA:176,27,1,2
BRDA:180,28,0,2
BRDA:180,28,1,0
BRDA:202,29,0,1
BRDA:202,29,1,1
BRDA:206,30,0,0
BRDA:206,30,1,1
BRF:62
BRH:28
end_of_record
TN:
SF:controllers/UserController.js
FN:10,(anonymous_0)
FN:21,(anonymous_1)
FN:44,(anonymous_2)
FN:63,(anonymous_3)
FN:106,(anonymous_4)
FN:160,(anonymous_5)
FN:196,(anonymous_6)
FNF:7
FNH:4
FNDA:1,(anonymous_0)
FNDA:1,(anonymous_1)
FNDA:5,(anonymous_2)
FNDA:5,(anonymous_3)
FNDA:0,(anonymous_4)
FNDA:0,(anonymous_5)
FNDA:0,(anonymous_6)
DA:1,2
DA:2,2
DA:3,2
DA:4,2
DA:5,2
DA:6,2
DA:11,1
DA:13,1
DA:15,1
DA:17,0
DA:22,1
DA:23,1
DA:25,1
DA:26,1
DA:27,1
DA:35,1
DA:40,0
DA:45,5
DA:46,5
DA:55,5
DA:56,5
DA:57,1
DA:59,4
DA:64,5
DA:65,5
DA:66,5
DA:68,5
DA:70,5
DA:71,2
DA:74,3
DA:76,3
DA:78,3
DA:79,1
DA:81,2
DA:82,1
DA:86,1
DA:95,1
DA:97,1
DA:102,4
DA:107,0
DA:124,0
DA:125,0
DA:144,0
DA:146,0
DA:151,0
DA:156,0
DA:161,0
DA:162,0
DA:188,0
DA:190,0
DA:192,0
DA:197,0
DA:214,0
DA:215,0
DA:233,0
DA:238,0
DA:243,0
DA:248,2
LF:58
LH:38
BRDA:26,0,0,1
BRDA:26,0,1,0
BRDA:70,1,0,2
BRDA:70,1,1,3
BRDA:70,2,0,5
BRDA:70,2,1,4
BRDA:78,3,0,1
BRDA:78,3,1,2
BRDA:81,4,0,1
BRDA:81,4,1,1
BRF:10
BRH:9
end_of_record
TN:
SF:middlewares/authentication.js
FN:4,(anonymous_0)
FNF:1
FNH:1
FNDA:29,(anonymous_0)
DA:1,2
DA:2,2
DA:4,2
DA:5,29
DA:6,29
DA:8,29
DA:9,3
DA:12,26
DA:16,24
DA:18,24
DA:20,5
DA:24,2
LF:12
LH:12
BRDA:8,0,0,3
BRDA:8,0,1,26
BRF:2
BRH:2
end_of_record
TN:
SF:middlewares/errorHandler.js
FN:1,(anonymous_0)
FN:8,(anonymous_1)
FNF:2
FNH:2
FNDA:16,(anonymous_0)
FNDA:5,(anonymous_1)
DA:1,2
DA:2,16
DA:3,16
DA:4,16
DA:6,16
DA:7,5
DA:8,5
DA:9,5
DA:13,16
DA:14,1
DA:15,1
DA:18,16
DA:19,2
DA:20,2
DA:23,16
DA:24,2
DA:25,2
DA:28,16
DA:29,2
DA:30,2
DA:33,16
DA:34,3
DA:35,3
DA:38,16
DA:39,0
DA:40,0
DA:43,16
DA:44,1
DA:45,1
DA:48,16
DA:51,2
LF:31
LH:29
BRDA:6,0,0,5
BRDA:6,0,1,11
BRDA:13,1,0,1
BRDA:13,1,1,15
BRDA:13,2,0,16
BRDA:13,2,1,1
BRDA:18,3,0,2
BRDA:18,3,1,14
BRDA:23,4,0,2
BRDA:23,4,1,14
BRDA:28,5,0,2
BRDA:28,5,1,14
BRDA:33,6,0,3
BRDA:33,6,1,13
BRDA:38,7,0,0
BRDA:38,7,1,16
BRDA:43,8,0,1
BRDA:43,8,1,15
BRF:18
BRH:17
end_of_record
TN:
SF:models/milk.js
FNF:0
FNH:0
DA:1,2
DA:2,2
DA:4,2
DA:33,2
LF:4
LH:4
BRF:0
BRH:0
end_of_record
TN:
SF:models/user.js
FN:38,(anonymous_0)
FNF:1
FNH:1
FNDA:3,(anonymous_0)
DA:1,2
DA:2,2
DA:4,2
DA:38,2
DA:39,3
DA:40,3
DA:41,3
DA:44,2
LF:8
LH:8
BRF:0
BRH:0
end_of_record
TN:
SF:models/userDetail.js
FNF:0
FNH:0
DA:1,2
DA:2,2
DA:4,2
DA:71,2
LF:4
LH:4
BRF:0
BRH:0
end_of_record
TN:
SF:routers/index.js
FNF:0
FNH:0
DA:1,2
DA:2,2
DA:3,2
DA:4,2
DA:10,2
DA:11,2
DA:13,2
DA:14,2
DA:16,2
DA:17,2
DA:18,2
DA:20,2
DA:22,2
DA:23,2
DA:24,2
DA:26,2
LF:16
LH:16
BRF:0
BRH:0
end_of_record
TN:
SF:routers/milks.js
FNF:0
FNH:0
DA:1,2
DA:6,2
DA:7,2
DA:9,2
DA:10,2
DA:11,2
DA:13,2
LF:7
LH:7
BRF:0
BRH:0
end_of_record
TN:
SF:routers/users.js
FNF:0
FNH:0
DA:1,2
DA:7,2
DA:8,2
DA:10,2
DA:12,2
DA:13,2
DA:14,2
DA:16,2
LF:8
LH:8
BRF:0
BRH:0
end_of_record
TN:
SF:utils/bcrypt.js
FN:3,(anonymous_0)
FN:7,(anonymous_1)
FNF:2
FNH:2
FNDA:3,(anonymous_0)
FNDA:2,(anonymous_1)
DA:1,2
DA:3,2
DA:4,3
DA:7,2
DA:8,2
DA:12,2
LF:6
LH:6
BRF:0
BRH:0
end_of_record
TN:
SF:utils/gvision.js
FN:12,(anonymous_0)
FN:16,(anonymous_1)
FNF:2
FNH:2
FNDA:1,(anonymous_0)
FNDA:78,(anonymous_1)
DA:1,2
DA:3,2
DA:10,2
DA:12,2
DA:13,1
DA:16,1
DA:17,78
DA:18,1
DA:21,1
DA:24,2
LF:10
LH:10
BRDA:17,0,0,1
BRDA:17,0,1,77
BRDA:17,1,0,78
BRDA:17,1,1,2
BRF:4
BRH:4
end_of_record
TN:
SF:utils/jwtoken.js
FN:5,(anonymous_0)
FN:9,(anonymous_1)
FNF:2
FNH:2
FNDA:3,(anonymous_0)
FNDA:26,(anonymous_1)
DA:1,2
DA:3,2
DA:5,2
DA:6,3
DA:9,2
DA:10,26
DA:13,2
LF:7
LH:7
BRF:0
BRH:0
end_of_record
TN:
SF:utils/multer.js
FNF:0
FNH:0
DA:1,2
DA:2,2
DA:3,2
DA:5,2
LF:4
LH:4
BRF:0
BRH:0
end_of_record
